[0.014s] Invoking command in '/home/alvaro/rosej/higgs2/build/higgs2': CMAKE_PREFIX_PATH=${CMAKE_PREFIX_PATH}:/opt/ros/humble /usr/bin/cmake --build /home/alvaro/rosej/higgs2/build/higgs2 -- -j12 -l12
[0.049s] Invoked command in '/home/alvaro/rosej/higgs2/build/higgs2' returned '0': CMAKE_PREFIX_PATH=${CMAKE_PREFIX_PATH}:/opt/ros/humble /usr/bin/cmake --build /home/alvaro/rosej/higgs2/build/higgs2 -- -j12 -l12
[0.090s] Invoking command in '/home/alvaro/rosej/higgs2/build/higgs2': CMAKE_PREFIX_PATH=${CMAKE_PREFIX_PATH}:/opt/ros/humble /usr/bin/cmake --install /home/alvaro/rosej/higgs2/build/higgs2
[0.101s] -- Install configuration: ""
[0.102s] -- Up-to-date: /home/alvaro/rosej/higgs2/install/higgs2/share/higgs2/config
[0.102s] -- Up-to-date: /home/alvaro/rosej/higgs2/install/higgs2/share/higgs2/src
[0.102s] -- Up-to-date: /home/alvaro/rosej/higgs2/install/higgs2/share/higgs2/src/description
[0.102s] -- Up-to-date: /home/alvaro/rosej/higgs2/install/higgs2/share/higgs2/src/description/gazebo_control.xacro
[0.102s] -- Up-to-date: /home/alvaro/rosej/higgs2/install/higgs2/share/higgs2/src/description/lidar.xacro
[0.103s] -- Up-to-date: /home/alvaro/rosej/higgs2/install/higgs2/share/higgs2/src/description/inertial_macros.xacro
[0.103s] -- Installing: /home/alvaro/rosej/higgs2/install/higgs2/share/higgs2/src/description/robot.urdf.xacro
[0.103s] -- Up-to-date: /home/alvaro/rosej/higgs2/install/higgs2/share/higgs2/src/description/robot_core.xacro
[0.103s] -- Up-to-date: /home/alvaro/rosej/higgs2/install/higgs2/share/higgs2/src/meshes
[0.103s] -- Up-to-date: /home/alvaro/rosej/higgs2/install/higgs2/share/higgs2/src/meshes/rueda.stl
[0.103s] -- Up-to-date: /home/alvaro/rosej/higgs2/install/higgs2/share/higgs2/src/meshes/eje.stl
[0.103s] -- Up-to-date: /home/alvaro/rosej/higgs2/install/higgs2/share/higgs2/src/meshes/chasis.stl
[0.103s] -- Up-to-date: /home/alvaro/rosej/higgs2/install/higgs2/share/higgs2/src/meshes/hokuyo.dae
[0.103s] -- Up-to-date: /home/alvaro/rosej/higgs2/install/higgs2/share/higgs2/src/meshes/sonar_delantero.stl
[0.103s] -- Up-to-date: /home/alvaro/rosej/higgs2/install/higgs2/share/higgs2/src/meshes/cubierta.stl
[0.103s] -- Up-to-date: /home/alvaro/rosej/higgs2/install/higgs2/share/higgs2/src/meshes/sonar_trasero.stl
[0.103s] -- Up-to-date: /home/alvaro/rosej/higgs2/install/higgs2/share/higgs2/launch
[0.103s] -- Up-to-date: /home/alvaro/rosej/higgs2/install/higgs2/share/higgs2/launch/rsp.launch.py
[0.103s] -- Up-to-date: /home/alvaro/rosej/higgs2/install/higgs2/share/higgs2/worlds
[0.104s] -- Up-to-date: /home/alvaro/rosej/higgs2/install/higgs2/share/higgs2/worlds/prueba.world
[0.104s] -- Up-to-date: /home/alvaro/rosej/higgs2/install/higgs2/share/higgs2/worlds/scenario1.world
[0.104s] -- Up-to-date: /home/alvaro/rosej/higgs2/install/higgs2/share/ament_index/resource_index/package_run_dependencies/higgs2
[0.104s] -- Up-to-date: /home/alvaro/rosej/higgs2/install/higgs2/share/ament_index/resource_index/parent_prefix_path/higgs2
[0.104s] -- Up-to-date: /home/alvaro/rosej/higgs2/install/higgs2/share/higgs2/environment/ament_prefix_path.sh
[0.104s] -- Up-to-date: /home/alvaro/rosej/higgs2/install/higgs2/share/higgs2/environment/ament_prefix_path.dsv
[0.104s] -- Up-to-date: /home/alvaro/rosej/higgs2/install/higgs2/share/higgs2/environment/path.sh
[0.104s] -- Up-to-date: /home/alvaro/rosej/higgs2/install/higgs2/share/higgs2/environment/path.dsv
[0.104s] -- Up-to-date: /home/alvaro/rosej/higgs2/install/higgs2/share/higgs2/local_setup.bash
[0.104s] -- Up-to-date: /home/alvaro/rosej/higgs2/install/higgs2/share/higgs2/local_setup.sh
[0.104s] -- Up-to-date: /home/alvaro/rosej/higgs2/install/higgs2/share/higgs2/local_setup.zsh
[0.104s] -- Up-to-date: /home/alvaro/rosej/higgs2/install/higgs2/share/higgs2/local_setup.dsv
[0.104s] -- Installing: /home/alvaro/rosej/higgs2/install/higgs2/share/higgs2/package.dsv
[0.104s] -- Up-to-date: /home/alvaro/rosej/higgs2/install/higgs2/share/ament_index/resource_index/packages/higgs2
[0.104s] -- Up-to-date: /home/alvaro/rosej/higgs2/install/higgs2/share/higgs2/cmake/higgs2Config.cmake
[0.104s] -- Up-to-date: /home/alvaro/rosej/higgs2/install/higgs2/share/higgs2/cmake/higgs2Config-version.cmake
[0.104s] -- Up-to-date: /home/alvaro/rosej/higgs2/install/higgs2/share/higgs2/package.xml
[0.107s] Invoked command in '/home/alvaro/rosej/higgs2/build/higgs2' returned '0': CMAKE_PREFIX_PATH=${CMAKE_PREFIX_PATH}:/opt/ros/humble /usr/bin/cmake --install /home/alvaro/rosej/higgs2/build/higgs2
