[0.246s] DEBUG:colcon:Command line arguments: ['/usr/bin/colcon', 'build']
[0.246s] DEBUG:colcon:Parsed command line arguments: Namespace(log_base=None, log_level=None, verb_name='build', build_base='build', install_base='install', merge_install=False, symlink_install=False, test_result_base=None, continue_on_error=False, executor='parallel', parallel_workers=12, event_handlers=None, ignore_user_meta=False, metas=['./colcon.meta'], base_paths=['.'], packages_ignore=None, packages_ignore_regex=None, paths=None, packages_up_to=None, packages_up_to_regex=None, packages_above=None, packages_above_and_dependencies=None, packages_above_depth=None, packages_select_by_dep=None, packages_skip_by_dep=None, packages_skip_up_to=None, packages_select_build_failed=False, packages_skip_build_finished=False, packages_select_test_failures=False, packages_skip_test_passed=False, packages_select=None, packages_skip=None, packages_select_regex=None, packages_skip_regex=None, packages_start=None, packages_end=None, allow_overriding=[], cmake_args=None, cmake_target=None, cmake_target_skip_unavailable=False, cmake_clean_cache=False, cmake_clean_first=False, cmake_force_configure=False, ament_cmake_args=None, catkin_cmake_args=None, catkin_skip_building_tests=False, verb_parser=<colcon_defaults.argument_parser.defaults.DefaultArgumentsDecorator object at 0x7f3f443cd600>, verb_extension=<colcon_core.verb.build.BuildVerb object at 0x7f3f44bd51b0>, main=<bound method BuildVerb.main of <colcon_core.verb.build.BuildVerb object at 0x7f3f44bd51b0>>)
[0.274s] Level 1:colcon.colcon_core.package_discovery:discover_packages(colcon_meta) check parameters
[0.274s] Level 1:colcon.colcon_core.package_discovery:discover_packages(recursive) check parameters
[0.274s] Level 1:colcon.colcon_core.package_discovery:discover_packages(ignore) check parameters
[0.274s] Level 1:colcon.colcon_core.package_discovery:discover_packages(path) check parameters
[0.275s] Level 1:colcon.colcon_core.package_discovery:discover_packages(colcon_meta) discover
[0.275s] Level 1:colcon.colcon_core.package_discovery:discover_packages(recursive) discover
[0.275s] INFO:colcon.colcon_core.package_discovery:Crawling recursively for packages in '/home/alvaro/rosej/higgs2'
[0.275s] Level 1:colcon.colcon_core.package_identification:_identify(.) by extensions ['ignore', 'ignore_ament_install']
[0.275s] Level 1:colcon.colcon_core.package_identification:_identify(.) by extension 'ignore'
[0.275s] Level 1:colcon.colcon_core.package_identification:_identify(.) by extension 'ignore_ament_install'
[0.275s] Level 1:colcon.colcon_core.package_identification:_identify(.) by extensions ['colcon_pkg']
[0.275s] Level 1:colcon.colcon_core.package_identification:_identify(.) by extension 'colcon_pkg'
[0.275s] Level 1:colcon.colcon_core.package_identification:_identify(.) by extensions ['colcon_meta']
[0.275s] Level 1:colcon.colcon_core.package_identification:_identify(.) by extension 'colcon_meta'
[0.275s] Level 1:colcon.colcon_core.package_identification:_identify(.) by extensions ['ros']
[0.275s] Level 1:colcon.colcon_core.package_identification:_identify(.) by extension 'ros'
[0.286s] DEBUG:colcon.colcon_core.package_identification:Package '.' with type 'ros.ament_cmake' and name 'higgs2'
[0.286s] Level 1:colcon.colcon_core.package_discovery:discover_packages(recursive) using defaults
[0.286s] Level 1:colcon.colcon_core.package_discovery:discover_packages(ignore) discover
[0.286s] Level 1:colcon.colcon_core.package_discovery:discover_packages(ignore) using defaults
[0.286s] Level 1:colcon.colcon_core.package_discovery:discover_packages(path) discover
[0.286s] Level 1:colcon.colcon_core.package_discovery:discover_packages(path) using defaults
[0.304s] Level 1:colcon.colcon_core.package_discovery:discover_packages(prefix_path) check parameters
[0.304s] Level 1:colcon.colcon_core.package_discovery:discover_packages(prefix_path) discover
[0.306s] DEBUG:colcon.colcon_installed_package_information.package_discovery:Found 1 installed packages in /home/alvaro/rosej/higgs2/install
[0.308s] DEBUG:colcon.colcon_installed_package_information.package_discovery:Found 342 installed packages in /opt/ros/humble
[0.309s] Level 1:colcon.colcon_core.package_discovery:discover_packages(prefix_path) using defaults
[0.359s] Level 5:colcon.colcon_core.verb:set package 'higgs2' build argument 'cmake_args' from command line to 'None'
[0.360s] Level 5:colcon.colcon_core.verb:set package 'higgs2' build argument 'cmake_target' from command line to 'None'
[0.360s] Level 5:colcon.colcon_core.verb:set package 'higgs2' build argument 'cmake_target_skip_unavailable' from command line to 'False'
[0.360s] Level 5:colcon.colcon_core.verb:set package 'higgs2' build argument 'cmake_clean_cache' from command line to 'False'
[0.360s] Level 5:colcon.colcon_core.verb:set package 'higgs2' build argument 'cmake_clean_first' from command line to 'False'
[0.360s] Level 5:colcon.colcon_core.verb:set package 'higgs2' build argument 'cmake_force_configure' from command line to 'False'
[0.360s] Level 5:colcon.colcon_core.verb:set package 'higgs2' build argument 'ament_cmake_args' from command line to 'None'
[0.360s] Level 5:colcon.colcon_core.verb:set package 'higgs2' build argument 'catkin_cmake_args' from command line to 'None'
[0.360s] Level 5:colcon.colcon_core.verb:set package 'higgs2' build argument 'catkin_skip_building_tests' from command line to 'False'
[0.360s] DEBUG:colcon.colcon_core.verb:Building package 'higgs2' with the following arguments: {'ament_cmake_args': None, 'build_base': '/home/alvaro/rosej/higgs2/build/higgs2', 'catkin_cmake_args': None, 'catkin_skip_building_tests': False, 'cmake_args': None, 'cmake_clean_cache': False, 'cmake_clean_first': False, 'cmake_force_configure': False, 'cmake_target': None, 'cmake_target_skip_unavailable': False, 'install_base': '/home/alvaro/rosej/higgs2/install/higgs2', 'merge_install': False, 'path': '/home/alvaro/rosej/higgs2', 'symlink_install': False, 'test_result_base': None}
[0.360s] INFO:colcon.colcon_core.executor:Executing jobs using 'parallel' executor
[0.363s] DEBUG:colcon.colcon_parallel_executor.executor.parallel:run_until_complete
[0.363s] INFO:colcon.colcon_ros.task.ament_cmake.build:Building ROS package in '/home/alvaro/rosej/higgs2' with build type 'ament_cmake'
[0.363s] INFO:colcon.colcon_cmake.task.cmake.build:Building CMake package in '/home/alvaro/rosej/higgs2'
[0.367s] INFO:colcon.colcon_core.plugin_system:Skipping extension 'colcon_core.shell.bat': Not used on non-Windows systems
[0.367s] INFO:colcon.colcon_core.shell:Skip shell extension 'powershell' for command environment: Not usable outside of PowerShell
[0.367s] DEBUG:colcon.colcon_core.shell:Skip shell extension 'dsv' for command environment
[0.378s] DEBUG:colcon.colcon_core.event_handler.log_command:Invoking command in '/home/alvaro/rosej/higgs2/build/higgs2': CMAKE_PREFIX_PATH=${CMAKE_PREFIX_PATH}:/opt/ros/humble /usr/bin/cmake --build /home/alvaro/rosej/higgs2/build/higgs2 -- -j12 -l12
[0.417s] DEBUG:colcon.colcon_core.event_handler.log_command:Invoked command in '/home/alvaro/rosej/higgs2/build/higgs2' returned '0': CMAKE_PREFIX_PATH=${CMAKE_PREFIX_PATH}:/opt/ros/humble /usr/bin/cmake --build /home/alvaro/rosej/higgs2/build/higgs2 -- -j12 -l12
[0.461s] DEBUG:colcon.colcon_core.event_handler.log_command:Invoking command in '/home/alvaro/rosej/higgs2/build/higgs2': CMAKE_PREFIX_PATH=${CMAKE_PREFIX_PATH}:/opt/ros/humble /usr/bin/cmake --install /home/alvaro/rosej/higgs2/build/higgs2
[0.489s] Level 1:colcon.colcon_core.environment:create_environment_scripts_only(higgs2)
[0.491s] DEBUG:colcon.colcon_core.event_handler.log_command:Invoked command in '/home/alvaro/rosej/higgs2/build/higgs2' returned '0': CMAKE_PREFIX_PATH=${CMAKE_PREFIX_PATH}:/opt/ros/humble /usr/bin/cmake --install /home/alvaro/rosej/higgs2/build/higgs2
[0.499s] Level 1:colcon.colcon_core.environment:checking '/home/alvaro/rosej/higgs2/install/higgs2' for CMake module files
[0.500s] Level 1:colcon.colcon_core.environment:checking '/home/alvaro/rosej/higgs2/install/higgs2' for CMake config files
[0.501s] Level 1:colcon.colcon_core.shell:create_environment_hook('higgs2', 'cmake_prefix_path')
[0.503s] INFO:colcon.colcon_core.shell:Creating environment hook '/home/alvaro/rosej/higgs2/install/higgs2/share/higgs2/hook/cmake_prefix_path.ps1'
[0.505s] INFO:colcon.colcon_core.shell:Creating environment descriptor '/home/alvaro/rosej/higgs2/install/higgs2/share/higgs2/hook/cmake_prefix_path.dsv'
[0.506s] INFO:colcon.colcon_core.shell:Creating environment hook '/home/alvaro/rosej/higgs2/install/higgs2/share/higgs2/hook/cmake_prefix_path.sh'
[0.507s] Level 1:colcon.colcon_core.environment:checking '/home/alvaro/rosej/higgs2/install/higgs2/bin'
[0.508s] Level 1:colcon.colcon_core.environment:checking '/home/alvaro/rosej/higgs2/install/higgs2/lib/pkgconfig/higgs2.pc'
[0.508s] Level 1:colcon.colcon_core.environment:checking '/home/alvaro/rosej/higgs2/install/higgs2/lib/python3.10/site-packages'
[0.508s] Level 1:colcon.colcon_core.environment:checking '/home/alvaro/rosej/higgs2/install/higgs2/bin'
[0.511s] INFO:colcon.colcon_core.shell:Creating package script '/home/alvaro/rosej/higgs2/install/higgs2/share/higgs2/package.ps1'
[0.513s] INFO:colcon.colcon_core.shell:Creating package descriptor '/home/alvaro/rosej/higgs2/install/higgs2/share/higgs2/package.dsv'
[0.514s] INFO:colcon.colcon_core.shell:Creating package script '/home/alvaro/rosej/higgs2/install/higgs2/share/higgs2/package.sh'
[0.516s] INFO:colcon.colcon_core.shell:Creating package script '/home/alvaro/rosej/higgs2/install/higgs2/share/higgs2/package.bash'
[0.517s] INFO:colcon.colcon_core.shell:Creating package script '/home/alvaro/rosej/higgs2/install/higgs2/share/higgs2/package.zsh'
[0.519s] Level 1:colcon.colcon_core.environment:create_file_with_runtime_dependencies(/home/alvaro/rosej/higgs2/install/higgs2/share/colcon-core/packages/higgs2)
[0.549s] Level 1:colcon.colcon_core.environment:create_environment_scripts_only(higgs2)
[0.553s] Level 1:colcon.colcon_core.environment:checking '/home/alvaro/rosej/higgs2/install/higgs2' for CMake module files
[0.554s] Level 1:colcon.colcon_core.environment:checking '/home/alvaro/rosej/higgs2/install/higgs2' for CMake config files
[0.554s] Level 1:colcon.colcon_core.shell:create_environment_hook('higgs2', 'cmake_prefix_path')
[0.557s] INFO:colcon.colcon_core.shell:Creating environment hook '/home/alvaro/rosej/higgs2/install/higgs2/share/higgs2/hook/cmake_prefix_path.ps1'
[0.558s] INFO:colcon.colcon_core.shell:Creating environment descriptor '/home/alvaro/rosej/higgs2/install/higgs2/share/higgs2/hook/cmake_prefix_path.dsv'
[0.558s] INFO:colcon.colcon_core.shell:Creating environment hook '/home/alvaro/rosej/higgs2/install/higgs2/share/higgs2/hook/cmake_prefix_path.sh'
[0.559s] Level 1:colcon.colcon_core.environment:checking '/home/alvaro/rosej/higgs2/install/higgs2/bin'
[0.560s] Level 1:colcon.colcon_core.environment:checking '/home/alvaro/rosej/higgs2/install/higgs2/lib/pkgconfig/higgs2.pc'
[0.560s] Level 1:colcon.colcon_core.environment:checking '/home/alvaro/rosej/higgs2/install/higgs2/lib/python3.10/site-packages'
[0.560s] Level 1:colcon.colcon_core.environment:checking '/home/alvaro/rosej/higgs2/install/higgs2/bin'
[0.563s] INFO:colcon.colcon_core.shell:Creating package script '/home/alvaro/rosej/higgs2/install/higgs2/share/higgs2/package.ps1'
[0.565s] INFO:colcon.colcon_core.shell:Creating package descriptor '/home/alvaro/rosej/higgs2/install/higgs2/share/higgs2/package.dsv'
[0.565s] INFO:colcon.colcon_core.shell:Creating package script '/home/alvaro/rosej/higgs2/install/higgs2/share/higgs2/package.sh'
[0.566s] INFO:colcon.colcon_core.shell:Creating package script '/home/alvaro/rosej/higgs2/install/higgs2/share/higgs2/package.bash'
[0.567s] INFO:colcon.colcon_core.shell:Creating package script '/home/alvaro/rosej/higgs2/install/higgs2/share/higgs2/package.zsh'
[0.567s] Level 1:colcon.colcon_core.environment:create_file_with_runtime_dependencies(/home/alvaro/rosej/higgs2/install/higgs2/share/colcon-core/packages/higgs2)
[0.568s] DEBUG:colcon.colcon_parallel_executor.executor.parallel:closing loop
[0.568s] DEBUG:colcon.colcon_parallel_executor.executor.parallel:loop closed
[0.569s] DEBUG:colcon.colcon_parallel_executor.executor.parallel:run_until_complete finished with '0'
[0.569s] DEBUG:colcon.colcon_core.event_reactor:joining thread
[0.578s] INFO:colcon.colcon_core.plugin_system:Skipping extension 'colcon_notification.desktop_notification.terminal_notifier': Not used on non-Darwin systems
[0.578s] INFO:colcon.colcon_core.plugin_system:Skipping extension 'colcon_notification.desktop_notification.win32': Not used on non-Windows systems
[0.579s] INFO:colcon.colcon_notification.desktop_notification:Sending desktop notification using 'notify2'
[0.596s] DEBUG:colcon.colcon_core.event_reactor:joined thread
[0.599s] INFO:colcon.colcon_core.shell:Creating prefix script '/home/alvaro/rosej/higgs2/install/local_setup.ps1'
[0.601s] INFO:colcon.colcon_core.shell:Creating prefix util module '/home/alvaro/rosej/higgs2/install/_local_setup_util_ps1.py'
[0.604s] INFO:colcon.colcon_core.shell:Creating prefix chain script '/home/alvaro/rosej/higgs2/install/setup.ps1'
[0.607s] INFO:colcon.colcon_core.shell:Creating prefix script '/home/alvaro/rosej/higgs2/install/local_setup.sh'
[0.609s] INFO:colcon.colcon_core.shell:Creating prefix util module '/home/alvaro/rosej/higgs2/install/_local_setup_util_sh.py'
[0.610s] INFO:colcon.colcon_core.shell:Creating prefix chain script '/home/alvaro/rosej/higgs2/install/setup.sh'
[0.613s] INFO:colcon.colcon_core.shell:Creating prefix script '/home/alvaro/rosej/higgs2/install/local_setup.bash'
[0.615s] INFO:colcon.colcon_core.shell:Creating prefix chain script '/home/alvaro/rosej/higgs2/install/setup.bash'
[0.618s] INFO:colcon.colcon_core.shell:Creating prefix script '/home/alvaro/rosej/higgs2/install/local_setup.zsh'
[0.619s] INFO:colcon.colcon_core.shell:Creating prefix chain script '/home/alvaro/rosej/higgs2/install/setup.zsh'
