[0.012s] Invoking command in '/home/alvaro/rosej/higgs2/build/higgs2': CMAKE_PREFIX_PATH=/opt/ros/humble /usr/bin/cmake /home/alvaro/rosej/higgs2 -DCMAKE_INSTALL_PREFIX=/home/alvaro/rosej/higgs2/install/higgs2
[0.086s] -- The C compiler identification is GNU 11.3.0
[0.134s] -- The CXX compiler identification is GNU 11.3.0
[0.141s] -- Detecting C compiler ABI info
[0.218s] -- Detecting C compiler ABI info - done
[0.236s] -- Check for working C compiler: /usr/bin/cc - skipped
[0.236s] -- Detecting C compile features
[0.237s] -- Detecting C compile features - done
[0.243s] -- Detecting CXX compiler ABI info
[0.331s] -- Detecting CXX compiler ABI info - done
[0.349s] -- Check for working CXX compiler: /usr/bin/c++ - skipped
[0.350s] -- Detecting CXX compile features
[0.351s] -- Detecting CXX compile features - done
[0.356s] -- Found ament_cmake: 1.3.3 (/opt/ros/humble/share/ament_cmake/cmake)
[0.648s] -- Found Python3: /usr/bin/python3.10 (found version "3.10.6") found components: Interpreter 
[0.777s] -- Found ament_lint_auto: 0.12.5 (/opt/ros/humble/share/ament_lint_auto/cmake)
[0.857s] -- Added test 'cppcheck' to perform static code analysis on C / C++ code
[0.857s] -- Configured cppcheck include dirs: 
[0.857s] -- Configured cppcheck exclude dirs and/or files: 
[0.858s] -- Added test 'flake8' to check Python code syntax and style conventions
[0.859s] -- Added test 'lint_cmake' to check CMake code style
[0.860s] -- Added test 'pep257' to check Python code against some of the docstring style conventions in PEP 257
[0.863s] -- Added test 'uncrustify' to check C / C++ code style
[0.864s] -- Configured uncrustify additional arguments: 
[0.864s] -- Added test 'xmllint' to check XML markup files
[0.865s] -- Configuring done
[0.867s] -- Generating done
[0.868s] -- Build files have been written to: /home/alvaro/rosej/higgs2/build/higgs2
[0.872s] Invoked command in '/home/alvaro/rosej/higgs2/build/higgs2' returned '0': CMAKE_PREFIX_PATH=/opt/ros/humble /usr/bin/cmake /home/alvaro/rosej/higgs2 -DCMAKE_INSTALL_PREFIX=/home/alvaro/rosej/higgs2/install/higgs2
[0.876s] Invoking command in '/home/alvaro/rosej/higgs2/build/higgs2': CMAKE_PREFIX_PATH=/opt/ros/humble /usr/bin/cmake --build /home/alvaro/rosej/higgs2/build/higgs2 -- -j12 -l12
[0.930s] Invoked command in '/home/alvaro/rosej/higgs2/build/higgs2' returned '0': CMAKE_PREFIX_PATH=/opt/ros/humble /usr/bin/cmake --build /home/alvaro/rosej/higgs2/build/higgs2 -- -j12 -l12
[0.972s] Invoking command in '/home/alvaro/rosej/higgs2/build/higgs2': CMAKE_PREFIX_PATH=/opt/ros/humble /usr/bin/cmake --install /home/alvaro/rosej/higgs2/build/higgs2
[0.983s] -- Install configuration: ""
[0.983s] -- Installing: /home/alvaro/rosej/higgs2/install/higgs2/share/ament_index/resource_index/package_run_dependencies/higgs2
[0.983s] -- Installing: /home/alvaro/rosej/higgs2/install/higgs2/share/ament_index/resource_index/parent_prefix_path/higgs2
[0.984s] -- Installing: /home/alvaro/rosej/higgs2/install/higgs2/share/higgs2/environment/ament_prefix_path.sh
[0.984s] -- Installing: /home/alvaro/rosej/higgs2/install/higgs2/share/higgs2/environment/ament_prefix_path.dsv
[0.984s] -- Installing: /home/alvaro/rosej/higgs2/install/higgs2/share/higgs2/environment/path.sh
[0.984s] -- Installing: /home/alvaro/rosej/higgs2/install/higgs2/share/higgs2/environment/path.dsv
[0.985s] -- Installing: /home/alvaro/rosej/higgs2/install/higgs2/share/higgs2/local_setup.bash
[0.985s] -- Installing: /home/alvaro/rosej/higgs2/install/higgs2/share/higgs2/local_setup.sh
[0.985s] -- Installing: /home/alvaro/rosej/higgs2/install/higgs2/share/higgs2/local_setup.zsh
[0.985s] -- Installing: /home/alvaro/rosej/higgs2/install/higgs2/share/higgs2/local_setup.dsv
[0.985s] -- Installing: /home/alvaro/rosej/higgs2/install/higgs2/share/higgs2/package.dsv
[0.986s] -- Installing: /home/alvaro/rosej/higgs2/install/higgs2/share/ament_index/resource_index/packages/higgs2
[0.986s] -- Installing: /home/alvaro/rosej/higgs2/install/higgs2/share/higgs2/cmake/higgs2Config.cmake
[0.986s] -- Installing: /home/alvaro/rosej/higgs2/install/higgs2/share/higgs2/cmake/higgs2Config-version.cmake
[0.986s] -- Installing: /home/alvaro/rosej/higgs2/install/higgs2/share/higgs2/package.xml
[0.989s] Invoked command in '/home/alvaro/rosej/higgs2/build/higgs2' returned '0': CMAKE_PREFIX_PATH=/opt/ros/humble /usr/bin/cmake --install /home/alvaro/rosej/higgs2/build/higgs2
