[0.013s] Invoking command in '/home/alvaro/rosej/higgs2/build/higgs2': CMAKE_PREFIX_PATH=${CMAKE_PREFIX_PATH}:/opt/ros/humble /usr/bin/cmake /home/alvaro/rosej/higgs2 -DAMENT_CMAKE_SYMLINK_INSTALL=1 -DCMAKE_INSTALL_PREFIX=/home/alvaro/rosej/higgs2/install/higgs2
[0.028s] -- Found ament_cmake: 1.3.3 (/opt/ros/humble/share/ament_cmake/cmake)
[0.177s] -- Override CMake install command with custom implementation using symlinks instead of copying resources
[0.182s] -- Found ament_lint_auto: 0.12.5 (/opt/ros/humble/share/ament_lint_auto/cmake)
[0.261s] -- Added test 'copyright' to check source files copyright and LICENSE
[0.457s] -- Added test 'cppcheck' to perform static code analysis on C / C++ code
[0.457s] -- Configured cppcheck include dirs: 
[0.457s] -- Configured cppcheck exclude dirs and/or files: 
[0.617s] -- Added test 'cpplint' to check C / C++ code against the Google style
[0.617s] -- Configured cpplint exclude dirs and/or files: 
[0.637s] -- Added test 'flake8' to check Python code syntax and style conventions
[0.676s] -- Added test 'lint_cmake' to check CMake code style
[0.695s] -- Added test 'pep257' to check Python code against some of the docstring style conventions in PEP 257
[0.851s] -- Added test 'uncrustify' to check C / C++ code style
[0.852s] -- Configured uncrustify additional arguments: 
[0.871s] -- Added test 'xmllint' to check XML markup files
[0.872s] -- Configuring done
[0.874s] -- Generating done
[0.880s] -- Build files have been written to: /home/alvaro/rosej/higgs2/build/higgs2
[0.884s] Invoked command in '/home/alvaro/rosej/higgs2/build/higgs2' returned '0': CMAKE_PREFIX_PATH=${CMAKE_PREFIX_PATH}:/opt/ros/humble /usr/bin/cmake /home/alvaro/rosej/higgs2 -DAMENT_CMAKE_SYMLINK_INSTALL=1 -DCMAKE_INSTALL_PREFIX=/home/alvaro/rosej/higgs2/install/higgs2
[0.886s] Invoking command in '/home/alvaro/rosej/higgs2/build/higgs2': CMAKE_PREFIX_PATH=${CMAKE_PREFIX_PATH}:/opt/ros/humble /usr/bin/cmake --build /home/alvaro/rosej/higgs2/build/higgs2 -- -j12 -l12
[0.938s] Invoked command in '/home/alvaro/rosej/higgs2/build/higgs2' returned '0': CMAKE_PREFIX_PATH=${CMAKE_PREFIX_PATH}:/opt/ros/humble /usr/bin/cmake --build /home/alvaro/rosej/higgs2/build/higgs2 -- -j12 -l12
[0.973s] Invoking command in '/home/alvaro/rosej/higgs2/build/higgs2': CMAKE_PREFIX_PATH=${CMAKE_PREFIX_PATH}:/opt/ros/humble /usr/bin/cmake --install /home/alvaro/rosej/higgs2/build/higgs2
[0.984s] -- Install configuration: ""
[0.985s] -- Execute custom install script
[0.986s] -- Up-to-date symlink: /home/alvaro/rosej/higgs2/install/higgs2/share/higgs2/config/diffdrive.yaml
[0.987s] -- Up-to-date symlink: /home/alvaro/rosej/higgs2/install/higgs2/share/higgs2/config/gazebo_params.yaml
[0.987s] -- Up-to-date symlink: /home/alvaro/rosej/higgs2/install/higgs2/share/higgs2/config/joystick.yaml
[0.987s] -- Up-to-date symlink: /home/alvaro/rosej/higgs2/install/higgs2/share/higgs2/config/mapper_params_online_async.yaml
[0.987s] -- Up-to-date symlink: /home/alvaro/rosej/higgs2/install/higgs2/share/higgs2/config/maps/laberinto_map.data
[0.987s] -- Up-to-date symlink: /home/alvaro/rosej/higgs2/install/higgs2/share/higgs2/config/maps/laberinto_map.pgm
[0.987s] -- Up-to-date symlink: /home/alvaro/rosej/higgs2/install/higgs2/share/higgs2/config/maps/laberinto_map.posegraph
[0.987s] -- Up-to-date symlink: /home/alvaro/rosej/higgs2/install/higgs2/share/higgs2/config/maps/laberinto_map.yaml
[0.988s] -- Up-to-date symlink: /home/alvaro/rosej/higgs2/install/higgs2/share/higgs2/config/maps/laberinto_map_save.pgm
[0.988s] -- Up-to-date symlink: /home/alvaro/rosej/higgs2/install/higgs2/share/higgs2/config/maps/laberinto_map_save.yaml
[0.988s] -- Up-to-date symlink: /home/alvaro/rosej/higgs2/install/higgs2/share/higgs2/config/maps/laberinto_map_serial.data
[0.988s] -- Up-to-date symlink: /home/alvaro/rosej/higgs2/install/higgs2/share/higgs2/config/maps/laberinto_map_serial.posegraph
[0.988s] -- Up-to-date symlink: /home/alvaro/rosej/higgs2/install/higgs2/share/higgs2/config/maps/papeleras_map.pgm
[0.989s] -- Up-to-date symlink: /home/alvaro/rosej/higgs2/install/higgs2/share/higgs2/config/maps/papeleras_map.yaml
[0.989s] -- Up-to-date symlink: /home/alvaro/rosej/higgs2/install/higgs2/share/higgs2/config/maps/papmap.data
[0.989s] -- Up-to-date symlink: /home/alvaro/rosej/higgs2/install/higgs2/share/higgs2/config/maps/papmap.pgm
[0.989s] -- Up-to-date symlink: /home/alvaro/rosej/higgs2/install/higgs2/share/higgs2/config/maps/papmap.posegraph
[0.989s] -- Up-to-date symlink: /home/alvaro/rosej/higgs2/install/higgs2/share/higgs2/config/maps/papmap.yaml
[0.989s] -- Up-to-date symlink: /home/alvaro/rosej/higgs2/install/higgs2/share/higgs2/config/my_controllers.yaml
[0.990s] -- Up-to-date symlink: /home/alvaro/rosej/higgs2/install/higgs2/share/higgs2/config/nav2_params.yaml
[0.990s] -- Up-to-date symlink: /home/alvaro/rosej/higgs2/install/higgs2/share/higgs2/config/twist_mux.yaml
[0.990s] -- Up-to-date symlink: /home/alvaro/rosej/higgs2/install/higgs2/share/higgs2/config/view_bot.rviz
[0.991s] -- Up-to-date symlink: /home/alvaro/rosej/higgs2/install/higgs2/share/higgs2/src/description/gazebo_control.xacro
[0.991s] -- Up-to-date symlink: /home/alvaro/rosej/higgs2/install/higgs2/share/higgs2/src/description/gazebo_control_skid.xacro
[0.991s] -- Up-to-date symlink: /home/alvaro/rosej/higgs2/install/higgs2/share/higgs2/src/description/inertial_macros.xacro
[0.991s] -- Up-to-date symlink: /home/alvaro/rosej/higgs2/install/higgs2/share/higgs2/src/description/lidar.xacro
[0.992s] -- Up-to-date symlink: /home/alvaro/rosej/higgs2/install/higgs2/share/higgs2/src/description/robot.urdf.xacro
[0.992s] -- Up-to-date symlink: /home/alvaro/rosej/higgs2/install/higgs2/share/higgs2/src/description/robot_core.xacro
[0.992s] -- Up-to-date symlink: /home/alvaro/rosej/higgs2/install/higgs2/share/higgs2/src/description/ros2_control.xacro
[0.992s] -- Up-to-date symlink: /home/alvaro/rosej/higgs2/install/higgs2/share/higgs2/src/meshes/chasis.dae
[0.993s] -- Up-to-date symlink: /home/alvaro/rosej/higgs2/install/higgs2/share/higgs2/src/meshes/chasis.stl
[0.993s] -- Up-to-date symlink: /home/alvaro/rosej/higgs2/install/higgs2/share/higgs2/src/meshes/cubierta.dae
[0.993s] -- Up-to-date symlink: /home/alvaro/rosej/higgs2/install/higgs2/share/higgs2/src/meshes/cubierta.stl
[0.993s] -- Up-to-date symlink: /home/alvaro/rosej/higgs2/install/higgs2/share/higgs2/src/meshes/eje.dae
[0.993s] -- Up-to-date symlink: /home/alvaro/rosej/higgs2/install/higgs2/share/higgs2/src/meshes/eje.stl
[0.994s] -- Up-to-date symlink: /home/alvaro/rosej/higgs2/install/higgs2/share/higgs2/src/meshes/hokuyo.dae
[0.994s] -- Up-to-date symlink: /home/alvaro/rosej/higgs2/install/higgs2/share/higgs2/src/meshes/rueda.dae
[0.994s] -- Up-to-date symlink: /home/alvaro/rosej/higgs2/install/higgs2/share/higgs2/src/meshes/rueda.stl
[0.994s] -- Up-to-date symlink: /home/alvaro/rosej/higgs2/install/higgs2/share/higgs2/src/meshes/sonar_delantero.dae
[0.994s] -- Up-to-date symlink: /home/alvaro/rosej/higgs2/install/higgs2/share/higgs2/src/meshes/sonar_delantero.stl
[0.995s] -- Up-to-date symlink: /home/alvaro/rosej/higgs2/install/higgs2/share/higgs2/src/meshes/sonar_trasero.dae
[0.995s] -- Up-to-date symlink: /home/alvaro/rosej/higgs2/install/higgs2/share/higgs2/src/meshes/sonar_trasero.stl
[0.995s] -- Up-to-date symlink: /home/alvaro/rosej/higgs2/install/higgs2/share/higgs2/launch/joystick.launch.py
[0.995s] -- Up-to-date symlink: /home/alvaro/rosej/higgs2/install/higgs2/share/higgs2/launch/launch_robot.launch.py
[0.996s] -- Up-to-date symlink: /home/alvaro/rosej/higgs2/install/higgs2/share/higgs2/launch/launch_sim.launch.py
[0.996s] -- Up-to-date symlink: /home/alvaro/rosej/higgs2/install/higgs2/share/higgs2/launch/localization_launch.py
[0.996s] -- Up-to-date symlink: /home/alvaro/rosej/higgs2/install/higgs2/share/higgs2/launch/navigation_launch.py
[0.996s] -- Up-to-date symlink: /home/alvaro/rosej/higgs2/install/higgs2/share/higgs2/launch/online_async_launch.py
[0.997s] -- Up-to-date symlink: /home/alvaro/rosej/higgs2/install/higgs2/share/higgs2/launch/provide_map.launch.py
[0.997s] -- Up-to-date symlink: /home/alvaro/rosej/higgs2/install/higgs2/share/higgs2/launch/rplidar.launch.py
[0.997s] -- Up-to-date symlink: /home/alvaro/rosej/higgs2/install/higgs2/share/higgs2/launch/rsp.launch.py
[0.997s] -- Up-to-date symlink: /home/alvaro/rosej/higgs2/install/higgs2/share/higgs2/worlds/laberinto.world
[0.997s] -- Up-to-date symlink: /home/alvaro/rosej/higgs2/install/higgs2/share/higgs2/worlds/papeleras.world
[0.997s] -- Up-to-date symlink: /home/alvaro/rosej/higgs2/install/higgs2/share/higgs2/worlds/prueba.world
[0.999s] -- Up-to-date symlink: /home/alvaro/rosej/higgs2/install/higgs2/share/higgs2/diffdrive_arduino/.git/HEAD
[0.999s] -- Up-to-date symlink: /home/alvaro/rosej/higgs2/install/higgs2/share/higgs2/diffdrive_arduino/.git/config
[0.999s] -- Up-to-date symlink: /home/alvaro/rosej/higgs2/install/higgs2/share/higgs2/diffdrive_arduino/.git/description
[0.999s] -- Up-to-date symlink: /home/alvaro/rosej/higgs2/install/higgs2/share/higgs2/diffdrive_arduino/.git/hooks/applypatch-msg.sample
[1.000s] -- Up-to-date symlink: /home/alvaro/rosej/higgs2/install/higgs2/share/higgs2/diffdrive_arduino/.git/hooks/commit-msg.sample
[1.000s] -- Up-to-date symlink: /home/alvaro/rosej/higgs2/install/higgs2/share/higgs2/diffdrive_arduino/.git/hooks/fsmonitor-watchman.sample
[1.000s] -- Up-to-date symlink: /home/alvaro/rosej/higgs2/install/higgs2/share/higgs2/diffdrive_arduino/.git/hooks/post-update.sample
[1.000s] -- Up-to-date symlink: /home/alvaro/rosej/higgs2/install/higgs2/share/higgs2/diffdrive_arduino/.git/hooks/pre-applypatch.sample
[1.001s] -- Up-to-date symlink: /home/alvaro/rosej/higgs2/install/higgs2/share/higgs2/diffdrive_arduino/.git/hooks/pre-commit.sample
[1.001s] -- Up-to-date symlink: /home/alvaro/rosej/higgs2/install/higgs2/share/higgs2/diffdrive_arduino/.git/hooks/pre-merge-commit.sample
[1.001s] -- Up-to-date symlink: /home/alvaro/rosej/higgs2/install/higgs2/share/higgs2/diffdrive_arduino/.git/hooks/pre-push.sample
[1.002s] -- Up-to-date symlink: /home/alvaro/rosej/higgs2/install/higgs2/share/higgs2/diffdrive_arduino/.git/hooks/pre-rebase.sample
[1.002s] -- Up-to-date symlink: /home/alvaro/rosej/higgs2/install/higgs2/share/higgs2/diffdrive_arduino/.git/hooks/pre-receive.sample
[1.002s] -- Up-to-date symlink: /home/alvaro/rosej/higgs2/install/higgs2/share/higgs2/diffdrive_arduino/.git/hooks/prepare-commit-msg.sample
[1.002s] -- Up-to-date symlink: /home/alvaro/rosej/higgs2/install/higgs2/share/higgs2/diffdrive_arduino/.git/hooks/push-to-checkout.sample
[1.002s] -- Up-to-date symlink: /home/alvaro/rosej/higgs2/install/higgs2/share/higgs2/diffdrive_arduino/.git/hooks/update.sample
[1.003s] -- Up-to-date symlink: /home/alvaro/rosej/higgs2/install/higgs2/share/higgs2/diffdrive_arduino/.git/index
[1.003s] -- Up-to-date symlink: /home/alvaro/rosej/higgs2/install/higgs2/share/higgs2/diffdrive_arduino/.git/info/exclude
[1.003s] -- Up-to-date symlink: /home/alvaro/rosej/higgs2/install/higgs2/share/higgs2/diffdrive_arduino/.git/logs/HEAD
[1.003s] -- Up-to-date symlink: /home/alvaro/rosej/higgs2/install/higgs2/share/higgs2/diffdrive_arduino/.git/logs/refs/heads/main
[1.004s] -- Up-to-date symlink: /home/alvaro/rosej/higgs2/install/higgs2/share/higgs2/diffdrive_arduino/.git/logs/refs/remotes/origin/HEAD
[1.004s] -- Up-to-date symlink: /home/alvaro/rosej/higgs2/install/higgs2/share/higgs2/diffdrive_arduino/.git/objects/pack/pack-948422a796a35559644a7720d9762eb3e62719f8.idx
[1.004s] -- Up-to-date symlink: /home/alvaro/rosej/higgs2/install/higgs2/share/higgs2/diffdrive_arduino/.git/objects/pack/pack-948422a796a35559644a7720d9762eb3e62719f8.pack
[1.004s] -- Up-to-date symlink: /home/alvaro/rosej/higgs2/install/higgs2/share/higgs2/diffdrive_arduino/.git/packed-refs
[1.004s] -- Up-to-date symlink: /home/alvaro/rosej/higgs2/install/higgs2/share/higgs2/diffdrive_arduino/.git/refs/heads/main
[1.005s] -- Up-to-date symlink: /home/alvaro/rosej/higgs2/install/higgs2/share/higgs2/diffdrive_arduino/.git/refs/remotes/origin/HEAD
[1.005s] -- Up-to-date symlink: /home/alvaro/rosej/higgs2/install/higgs2/share/higgs2/diffdrive_arduino/.vscode/c_cpp_properties.json
[1.005s] -- Up-to-date symlink: /home/alvaro/rosej/higgs2/install/higgs2/share/higgs2/diffdrive_arduino/CMakeLists.txt
[1.005s] -- Up-to-date symlink: /home/alvaro/rosej/higgs2/install/higgs2/share/higgs2/diffdrive_arduino/LICENSE
[1.005s] -- Up-to-date symlink: /home/alvaro/rosej/higgs2/install/higgs2/share/higgs2/diffdrive_arduino/README.md
[1.006s] -- Up-to-date symlink: /home/alvaro/rosej/higgs2/install/higgs2/share/higgs2/diffdrive_arduino/build/.cmake/api/v1/query/client-vscode/query.json
[1.006s] -- Up-to-date symlink: /home/alvaro/rosej/higgs2/install/higgs2/share/higgs2/diffdrive_arduino/build/CTestConfiguration.ini
[1.006s] -- Up-to-date symlink: /home/alvaro/rosej/higgs2/install/higgs2/share/higgs2/diffdrive_arduino/build/CTestCustom.cmake
[1.006s] -- Up-to-date symlink: /home/alvaro/rosej/higgs2/install/higgs2/share/higgs2/diffdrive_arduino/build/ament_cmake_core/stamps/templates_2_cmake.py.stamp
[1.006s] -- Up-to-date symlink: /home/alvaro/rosej/higgs2/install/higgs2/share/higgs2/diffdrive_arduino/build/ament_cmake_package_templates/templates.cmake
[1.007s] -- Up-to-date symlink: /home/alvaro/rosej/higgs2/install/higgs2/share/higgs2/diffdrive_arduino/build/ament_cmake_uninstall_target/ament_cmake_uninstall_target.cmake
[1.007s] -- Up-to-date symlink: /home/alvaro/rosej/higgs2/install/higgs2/share/higgs2/diffdrive_arduino/controllers/robot_controller_example.yaml
[1.007s] -- Up-to-date symlink: /home/alvaro/rosej/higgs2/install/higgs2/share/higgs2/diffdrive_arduino/fake_robot_hardware.xml
[1.007s] -- Up-to-date symlink: /home/alvaro/rosej/higgs2/install/higgs2/share/higgs2/diffdrive_arduino/include/diffdrive_arduino/arduino_comms.h
[1.007s] -- Up-to-date symlink: /home/alvaro/rosej/higgs2/install/higgs2/share/higgs2/diffdrive_arduino/include/diffdrive_arduino/config.h
[1.008s] -- Up-to-date symlink: /home/alvaro/rosej/higgs2/install/higgs2/share/higgs2/diffdrive_arduino/include/diffdrive_arduino/diffdrive_arduino.h
[1.008s] -- Up-to-date symlink: /home/alvaro/rosej/higgs2/install/higgs2/share/higgs2/diffdrive_arduino/include/diffdrive_arduino/fake_robot.h
[1.008s] -- Up-to-date symlink: /home/alvaro/rosej/higgs2/install/higgs2/share/higgs2/diffdrive_arduino/include/diffdrive_arduino/wheel.h
[1.008s] -- Up-to-date symlink: /home/alvaro/rosej/higgs2/install/higgs2/share/higgs2/diffdrive_arduino/launch/fake_robot.launch.py
[1.008s] -- Up-to-date symlink: /home/alvaro/rosej/higgs2/install/higgs2/share/higgs2/diffdrive_arduino/launch/test_robot.launch.py
[1.009s] -- Up-to-date symlink: /home/alvaro/rosej/higgs2/install/higgs2/share/higgs2/diffdrive_arduino/package.xml
[1.009s] -- Up-to-date symlink: /home/alvaro/rosej/higgs2/install/higgs2/share/higgs2/diffdrive_arduino/robot_hardware.xml
[1.009s] -- Up-to-date symlink: /home/alvaro/rosej/higgs2/install/higgs2/share/higgs2/diffdrive_arduino/src/arduino_comms.cpp
[1.009s] -- Up-to-date symlink: /home/alvaro/rosej/higgs2/install/higgs2/share/higgs2/diffdrive_arduino/src/diffdrive_arduino.cpp
[1.009s] -- Up-to-date symlink: /home/alvaro/rosej/higgs2/install/higgs2/share/higgs2/diffdrive_arduino/src/diffdrive_robot.cpp
[1.009s] -- Up-to-date symlink: /home/alvaro/rosej/higgs2/install/higgs2/share/higgs2/diffdrive_arduino/src/fake_robot.cpp
[1.010s] -- Up-to-date symlink: /home/alvaro/rosej/higgs2/install/higgs2/share/higgs2/diffdrive_arduino/src/wheel.cpp
[1.014s] [33mCMake Warning (dev) at ament_cmake_symlink_install/ament_cmake_symlink_install.cmake:62 (file):
[1.014s]   Policy CMP0009 is not set: FILE GLOB_RECURSE calls should not follow
[1.015s]   symlinks by default.  Run "cmake --help-policy CMP0009" for policy details.
[1.015s]   Use the cmake_policy command to set the policy and suppress this warning.
[1.015s] Call Stack (most recent call first):
[1.015s]   ament_cmake_symlink_install/ament_cmake_symlink_install.cmake:314 (ament_cmake_symlink_install_directory)
[1.015s]   cmake_install.cmake:46 (include)
[1.016s] This warning is for project developers.  Use -Wno-dev to suppress it.
[1.016s] [0m
[1.016s] -- Up-to-date symlink: /home/alvaro/rosej/higgs2/install/higgs2/share/higgs2/serial/.git/HEAD
[1.016s] -- Up-to-date symlink: /home/alvaro/rosej/higgs2/install/higgs2/share/higgs2/serial/.git/config
[1.016s] -- Up-to-date symlink: /home/alvaro/rosej/higgs2/install/higgs2/share/higgs2/serial/.git/description
[1.017s] -- Up-to-date symlink: /home/alvaro/rosej/higgs2/install/higgs2/share/higgs2/serial/.git/hooks/applypatch-msg.sample
[1.017s] -- Up-to-date symlink: /home/alvaro/rosej/higgs2/install/higgs2/share/higgs2/serial/.git/hooks/commit-msg.sample
[1.017s] -- Up-to-date symlink: /home/alvaro/rosej/higgs2/install/higgs2/share/higgs2/serial/.git/hooks/fsmonitor-watchman.sample
[1.017s] -- Up-to-date symlink: /home/alvaro/rosej/higgs2/install/higgs2/share/higgs2/serial/.git/hooks/post-update.sample
[1.017s] -- Up-to-date symlink: /home/alvaro/rosej/higgs2/install/higgs2/share/higgs2/serial/.git/hooks/pre-applypatch.sample
[1.018s] -- Up-to-date symlink: /home/alvaro/rosej/higgs2/install/higgs2/share/higgs2/serial/.git/hooks/pre-commit.sample
[1.018s] -- Up-to-date symlink: /home/alvaro/rosej/higgs2/install/higgs2/share/higgs2/serial/.git/hooks/pre-merge-commit.sample
[1.018s] -- Up-to-date symlink: /home/alvaro/rosej/higgs2/install/higgs2/share/higgs2/serial/.git/hooks/pre-push.sample
[1.018s] -- Up-to-date symlink: /home/alvaro/rosej/higgs2/install/higgs2/share/higgs2/serial/.git/hooks/pre-rebase.sample
[1.019s] -- Up-to-date symlink: /home/alvaro/rosej/higgs2/install/higgs2/share/higgs2/serial/.git/hooks/pre-receive.sample
[1.019s] -- Up-to-date symlink: /home/alvaro/rosej/higgs2/install/higgs2/share/higgs2/serial/.git/hooks/prepare-commit-msg.sample
[1.019s] -- Up-to-date symlink: /home/alvaro/rosej/higgs2/install/higgs2/share/higgs2/serial/.git/hooks/push-to-checkout.sample
[1.019s] -- Up-to-date symlink: /home/alvaro/rosej/higgs2/install/higgs2/share/higgs2/serial/.git/hooks/update.sample
[1.019s] -- Up-to-date symlink: /home/alvaro/rosej/higgs2/install/higgs2/share/higgs2/serial/.git/index
[1.020s] -- Up-to-date symlink: /home/alvaro/rosej/higgs2/install/higgs2/share/higgs2/serial/.git/info/exclude
[1.020s] -- Up-to-date symlink: /home/alvaro/rosej/higgs2/install/higgs2/share/higgs2/serial/.git/logs/HEAD
[1.020s] -- Up-to-date symlink: /home/alvaro/rosej/higgs2/install/higgs2/share/higgs2/serial/.git/logs/refs/heads/newans_ros2
[1.020s] -- Up-to-date symlink: /home/alvaro/rosej/higgs2/install/higgs2/share/higgs2/serial/.git/logs/refs/remotes/origin/HEAD
[1.021s] -- Up-to-date symlink: /home/alvaro/rosej/higgs2/install/higgs2/share/higgs2/serial/.git/objects/pack/pack-7f66beb79544babb6fc8e51c3fcb442b7589a2af.idx
[1.021s] -- Up-to-date symlink: /home/alvaro/rosej/higgs2/install/higgs2/share/higgs2/serial/.git/objects/pack/pack-7f66beb79544babb6fc8e51c3fcb442b7589a2af.pack
[1.021s] -- Up-to-date symlink: /home/alvaro/rosej/higgs2/install/higgs2/share/higgs2/serial/.git/packed-refs
[1.021s] -- Up-to-date symlink: /home/alvaro/rosej/higgs2/install/higgs2/share/higgs2/serial/.git/refs/heads/newans_ros2
[1.021s] -- Up-to-date symlink: /home/alvaro/rosej/higgs2/install/higgs2/share/higgs2/serial/.git/refs/remotes/origin/HEAD
[1.022s] -- Up-to-date symlink: /home/alvaro/rosej/higgs2/install/higgs2/share/higgs2/serial/.gitignore
[1.022s] -- Up-to-date symlink: /home/alvaro/rosej/higgs2/install/higgs2/share/higgs2/serial/.travis.yml
[1.022s] -- Up-to-date symlink: /home/alvaro/rosej/higgs2/install/higgs2/share/higgs2/serial/CHANGELOG.rst
[1.022s] -- Up-to-date symlink: /home/alvaro/rosej/higgs2/install/higgs2/share/higgs2/serial/CMakeLists.txt
[1.023s] -- Up-to-date symlink: /home/alvaro/rosej/higgs2/install/higgs2/share/higgs2/serial/Makefile
[1.023s] -- Up-to-date symlink: /home/alvaro/rosej/higgs2/install/higgs2/share/higgs2/serial/README.md
[1.023s] -- Up-to-date symlink: /home/alvaro/rosej/higgs2/install/higgs2/share/higgs2/serial/build/.built_by
[1.023s] -- Up-to-date symlink: /home/alvaro/rosej/higgs2/install/higgs2/share/higgs2/serial/build/COLCON_IGNORE
[1.023s] -- Up-to-date symlink: /home/alvaro/rosej/higgs2/install/higgs2/share/higgs2/serial/build/serial/CMakeCache.txt
[1.024s] -- Up-to-date symlink: /home/alvaro/rosej/higgs2/install/higgs2/share/higgs2/serial/build/serial/CMakeFiles/3.22.1/CMakeCCompiler.cmake
[1.024s] -- Up-to-date symlink: /home/alvaro/rosej/higgs2/install/higgs2/share/higgs2/serial/build/serial/CMakeFiles/3.22.1/CMakeCXXCompiler.cmake
[1.024s] -- Up-to-date symlink: /home/alvaro/rosej/higgs2/install/higgs2/share/higgs2/serial/build/serial/CMakeFiles/3.22.1/CMakeDetermineCompilerABI_C.bin
[1.024s] -- Up-to-date symlink: /home/alvaro/rosej/higgs2/install/higgs2/share/higgs2/serial/build/serial/CMakeFiles/3.22.1/CMakeDetermineCompilerABI_CXX.bin
[1.025s] -- Up-to-date symlink: /home/alvaro/rosej/higgs2/install/higgs2/share/higgs2/serial/build/serial/CMakeFiles/3.22.1/CMakeSystem.cmake
[1.025s] -- Up-to-date symlink: /home/alvaro/rosej/higgs2/install/higgs2/share/higgs2/serial/build/serial/CMakeFiles/3.22.1/CompilerIdC/CMakeCCompilerId.c
[1.025s] -- Up-to-date symlink: /home/alvaro/rosej/higgs2/install/higgs2/share/higgs2/serial/build/serial/CMakeFiles/3.22.1/CompilerIdC/a.out
[1.025s] -- Up-to-date symlink: /home/alvaro/rosej/higgs2/install/higgs2/share/higgs2/serial/build/serial/CMakeFiles/3.22.1/CompilerIdCXX/CMakeCXXCompilerId.cpp
[1.025s] -- Up-to-date symlink: /home/alvaro/rosej/higgs2/install/higgs2/share/higgs2/serial/build/serial/CMakeFiles/3.22.1/CompilerIdCXX/a.out
[1.025s] -- Up-to-date symlink: /home/alvaro/rosej/higgs2/install/higgs2/share/higgs2/serial/build/serial/CMakeFiles/CMakeDirectoryInformation.cmake
[1.026s] -- Up-to-date symlink: /home/alvaro/rosej/higgs2/install/higgs2/share/higgs2/serial/build/serial/CMakeFiles/CMakeOutput.log
[1.026s] -- Up-to-date symlink: /home/alvaro/rosej/higgs2/install/higgs2/share/higgs2/serial/build/serial/CMakeFiles/CMakeRuleHashes.txt
[1.026s] -- Up-to-date symlink: /home/alvaro/rosej/higgs2/install/higgs2/share/higgs2/serial/build/serial/CMakeFiles/Makefile.cmake
[1.026s] -- Up-to-date symlink: /home/alvaro/rosej/higgs2/install/higgs2/share/higgs2/serial/build/serial/CMakeFiles/Makefile2
[1.027s] -- Up-to-date symlink: /home/alvaro/rosej/higgs2/install/higgs2/share/higgs2/serial/build/serial/CMakeFiles/TargetDirectories.txt
[1.027s] -- Up-to-date symlink: /home/alvaro/rosej/higgs2/install/higgs2/share/higgs2/serial/build/serial/CMakeFiles/cmake.check_cache
[1.027s] -- Up-to-date symlink: /home/alvaro/rosej/higgs2/install/higgs2/share/higgs2/serial/build/serial/CMakeFiles/progress.marks
[1.028s] -- Up-to-date symlink: /home/alvaro/rosej/higgs2/install/higgs2/share/higgs2/serial/build/serial/CMakeFiles/serial.dir/DependInfo.cmake
[1.028s] -- Up-to-date symlink: /home/alvaro/rosej/higgs2/install/higgs2/share/higgs2/serial/build/serial/CMakeFiles/serial.dir/build.make
[1.028s] -- Up-to-date symlink: /home/alvaro/rosej/higgs2/install/higgs2/share/higgs2/serial/build/serial/CMakeFiles/serial.dir/cmake_clean.cmake
[1.029s] -- Up-to-date symlink: /home/alvaro/rosej/higgs2/install/higgs2/share/higgs2/serial/build/serial/CMakeFiles/serial.dir/cmake_clean_target.cmake
[1.029s] -- Up-to-date symlink: /home/alvaro/rosej/higgs2/install/higgs2/share/higgs2/serial/build/serial/CMakeFiles/serial.dir/compiler_depend.make
[1.029s] -- Up-to-date symlink: /home/alvaro/rosej/higgs2/install/higgs2/share/higgs2/serial/build/serial/CMakeFiles/serial.dir/compiler_depend.ts
[1.029s] -- Up-to-date symlink: /home/alvaro/rosej/higgs2/install/higgs2/share/higgs2/serial/build/serial/CMakeFiles/serial.dir/depend.make
[1.030s] -- Up-to-date symlink: /home/alvaro/rosej/higgs2/install/higgs2/share/higgs2/serial/build/serial/CMakeFiles/serial.dir/flags.make
[1.030s] -- Up-to-date symlink: /home/alvaro/rosej/higgs2/install/higgs2/share/higgs2/serial/build/serial/CMakeFiles/serial.dir/link.txt
[1.030s] -- Up-to-date symlink: /home/alvaro/rosej/higgs2/install/higgs2/share/higgs2/serial/build/serial/CMakeFiles/serial.dir/progress.make
[1.030s] -- Up-to-date symlink: /home/alvaro/rosej/higgs2/install/higgs2/share/higgs2/serial/build/serial/CMakeFiles/serial.dir/src/impl/list_ports/list_ports_linux.cc.o
[1.031s] -- Up-to-date symlink: /home/alvaro/rosej/higgs2/install/higgs2/share/higgs2/serial/build/serial/CMakeFiles/serial.dir/src/impl/list_ports/list_ports_linux.cc.o.d
[1.031s] -- Up-to-date symlink: /home/alvaro/rosej/higgs2/install/higgs2/share/higgs2/serial/build/serial/CMakeFiles/serial.dir/src/impl/unix.cc.o
[1.031s] -- Up-to-date symlink: /home/alvaro/rosej/higgs2/install/higgs2/share/higgs2/serial/build/serial/CMakeFiles/serial.dir/src/impl/unix.cc.o.d
[1.032s] -- Up-to-date symlink: /home/alvaro/rosej/higgs2/install/higgs2/share/higgs2/serial/build/serial/CMakeFiles/serial.dir/src/serial.cc.o
[1.032s] -- Up-to-date symlink: /home/alvaro/rosej/higgs2/install/higgs2/share/higgs2/serial/build/serial/CMakeFiles/serial.dir/src/serial.cc.o.d
[1.032s] -- Up-to-date symlink: /home/alvaro/rosej/higgs2/install/higgs2/share/higgs2/serial/build/serial/CMakeFiles/serial_example.dir/DependInfo.cmake
[1.033s] -- Up-to-date symlink: /home/alvaro/rosej/higgs2/install/higgs2/share/higgs2/serial/build/serial/CMakeFiles/serial_example.dir/build.make
[1.033s] -- Up-to-date symlink: /home/alvaro/rosej/higgs2/install/higgs2/share/higgs2/serial/build/serial/CMakeFiles/serial_example.dir/cmake_clean.cmake
[1.033s] -- Up-to-date symlink: /home/alvaro/rosej/higgs2/install/higgs2/share/higgs2/serial/build/serial/CMakeFiles/serial_example.dir/compiler_depend.make
[1.033s] -- Up-to-date symlink: /home/alvaro/rosej/higgs2/install/higgs2/share/higgs2/serial/build/serial/CMakeFiles/serial_example.dir/compiler_depend.ts
[1.034s] -- Up-to-date symlink: /home/alvaro/rosej/higgs2/install/higgs2/share/higgs2/serial/build/serial/CMakeFiles/serial_example.dir/depend.make
[1.034s] -- Up-to-date symlink: /home/alvaro/rosej/higgs2/install/higgs2/share/higgs2/serial/build/serial/CMakeFiles/serial_example.dir/examples/serial_example.cc.o
[1.034s] -- Up-to-date symlink: /home/alvaro/rosej/higgs2/install/higgs2/share/higgs2/serial/build/serial/CMakeFiles/serial_example.dir/examples/serial_example.cc.o.d
[1.034s] -- Up-to-date symlink: /home/alvaro/rosej/higgs2/install/higgs2/share/higgs2/serial/build/serial/CMakeFiles/serial_example.dir/flags.make
[1.034s] -- Up-to-date symlink: /home/alvaro/rosej/higgs2/install/higgs2/share/higgs2/serial/build/serial/CMakeFiles/serial_example.dir/link.txt
[1.035s] -- Up-to-date symlink: /home/alvaro/rosej/higgs2/install/higgs2/share/higgs2/serial/build/serial/CMakeFiles/serial_example.dir/progress.make
[1.035s] -- Up-to-date symlink: /home/alvaro/rosej/higgs2/install/higgs2/share/higgs2/serial/build/serial/CMakeFiles/serial_uninstall.dir/DependInfo.cmake
[1.035s] -- Up-to-date symlink: /home/alvaro/rosej/higgs2/install/higgs2/share/higgs2/serial/build/serial/CMakeFiles/serial_uninstall.dir/build.make
[1.036s] -- Up-to-date symlink: /home/alvaro/rosej/higgs2/install/higgs2/share/higgs2/serial/build/serial/CMakeFiles/serial_uninstall.dir/cmake_clean.cmake
[1.036s] -- Up-to-date symlink: /home/alvaro/rosej/higgs2/install/higgs2/share/higgs2/serial/build/serial/CMakeFiles/serial_uninstall.dir/compiler_depend.make
[1.036s] -- Up-to-date symlink: /home/alvaro/rosej/higgs2/install/higgs2/share/higgs2/serial/build/serial/CMakeFiles/serial_uninstall.dir/compiler_depend.ts
[1.036s] -- Up-to-date symlink: /home/alvaro/rosej/higgs2/install/higgs2/share/higgs2/serial/build/serial/CMakeFiles/serial_uninstall.dir/progress.make
[1.036s] -- Up-to-date symlink: /home/alvaro/rosej/higgs2/install/higgs2/share/higgs2/serial/build/serial/CMakeFiles/uninstall.dir/DependInfo.cmake
[1.036s] -- Up-to-date symlink: /home/alvaro/rosej/higgs2/install/higgs2/share/higgs2/serial/build/serial/CMakeFiles/uninstall.dir/build.make
[1.037s] -- Up-to-date symlink: /home/alvaro/rosej/higgs2/install/higgs2/share/higgs2/serial/build/serial/CMakeFiles/uninstall.dir/cmake_clean.cmake
[1.037s] -- Up-to-date symlink: /home/alvaro/rosej/higgs2/install/higgs2/share/higgs2/serial/build/serial/CMakeFiles/uninstall.dir/compiler_depend.make
[1.037s] -- Up-to-date symlink: /home/alvaro/rosej/higgs2/install/higgs2/share/higgs2/serial/build/serial/CMakeFiles/uninstall.dir/compiler_depend.ts
[1.037s] -- Up-to-date symlink: /home/alvaro/rosej/higgs2/install/higgs2/share/higgs2/serial/build/serial/CMakeFiles/uninstall.dir/progress.make
[1.037s] -- Up-to-date symlink: /home/alvaro/rosej/higgs2/install/higgs2/share/higgs2/serial/build/serial/CTestConfiguration.ini
[1.038s] -- Up-to-date symlink: /home/alvaro/rosej/higgs2/install/higgs2/share/higgs2/serial/build/serial/CTestCustom.cmake
[1.038s] -- Up-to-date symlink: /home/alvaro/rosej/higgs2/install/higgs2/share/higgs2/serial/build/serial/CTestTestfile.cmake
[1.038s] -- Up-to-date symlink: /home/alvaro/rosej/higgs2/install/higgs2/share/higgs2/serial/build/serial/Makefile
[1.038s] -- Up-to-date symlink: /home/alvaro/rosej/higgs2/install/higgs2/share/higgs2/serial/build/serial/ament_cmake_core/package.cmake
[1.039s] -- Up-to-date symlink: /home/alvaro/rosej/higgs2/install/higgs2/share/higgs2/serial/build/serial/ament_cmake_core/serialConfig-version.cmake
[1.039s] -- Up-to-date symlink: /home/alvaro/rosej/higgs2/install/higgs2/share/higgs2/serial/build/serial/ament_cmake_core/serialConfig.cmake
[1.039s] -- Up-to-date symlink: /home/alvaro/rosej/higgs2/install/higgs2/share/higgs2/serial/build/serial/ament_cmake_core/stamps/ament_cmake_export_include_directories-extras.cmake.stamp
[1.039s] -- Up-to-date symlink: /home/alvaro/rosej/higgs2/install/higgs2/share/higgs2/serial/build/serial/ament_cmake_core/stamps/ament_cmake_export_libraries-extras.cmake.stamp
[1.039s] -- Up-to-date symlink: /home/alvaro/rosej/higgs2/install/higgs2/share/higgs2/serial/build/serial/ament_cmake_core/stamps/ament_prefix_path.sh.stamp
[1.039s] -- Up-to-date symlink: /home/alvaro/rosej/higgs2/install/higgs2/share/higgs2/serial/build/serial/ament_cmake_core/stamps/library_path.sh.stamp
[1.040s] -- Up-to-date symlink: /home/alvaro/rosej/higgs2/install/higgs2/share/higgs2/serial/build/serial/ament_cmake_core/stamps/nameConfig-version.cmake.in.stamp
[1.040s] -- Up-to-date symlink: /home/alvaro/rosej/higgs2/install/higgs2/share/higgs2/serial/build/serial/ament_cmake_core/stamps/nameConfig.cmake.in.stamp
[1.040s] -- Up-to-date symlink: /home/alvaro/rosej/higgs2/install/higgs2/share/higgs2/serial/build/serial/ament_cmake_core/stamps/package.xml.stamp
[1.040s] -- Up-to-date symlink: /home/alvaro/rosej/higgs2/install/higgs2/share/higgs2/serial/build/serial/ament_cmake_core/stamps/package_xml_2_cmake.py.stamp
[1.040s] -- Up-to-date symlink: /home/alvaro/rosej/higgs2/install/higgs2/share/higgs2/serial/build/serial/ament_cmake_core/stamps/path.sh.stamp
[1.040s] -- Up-to-date symlink: /home/alvaro/rosej/higgs2/install/higgs2/share/higgs2/serial/build/serial/ament_cmake_core/stamps/templates_2_cmake.py.stamp
[1.041s] -- Up-to-date symlink: /home/alvaro/rosej/higgs2/install/higgs2/share/higgs2/serial/build/serial/ament_cmake_environment_hooks/ament_prefix_path.dsv
[1.041s] -- Up-to-date symlink: /home/alvaro/rosej/higgs2/install/higgs2/share/higgs2/serial/build/serial/ament_cmake_environment_hooks/library_path.dsv
[1.041s] -- Up-to-date symlink: /home/alvaro/rosej/higgs2/install/higgs2/share/higgs2/serial/build/serial/ament_cmake_environment_hooks/local_setup.bash
[1.041s] -- Up-to-date symlink: /home/alvaro/rosej/higgs2/install/higgs2/share/higgs2/serial/build/serial/ament_cmake_environment_hooks/local_setup.dsv
[1.041s] -- Up-to-date symlink: /home/alvaro/rosej/higgs2/install/higgs2/share/higgs2/serial/build/serial/ament_cmake_environment_hooks/local_setup.sh
[1.042s] -- Up-to-date symlink: /home/alvaro/rosej/higgs2/install/higgs2/share/higgs2/serial/build/serial/ament_cmake_environment_hooks/local_setup.zsh
[1.042s] -- Up-to-date symlink: /home/alvaro/rosej/higgs2/install/higgs2/share/higgs2/serial/build/serial/ament_cmake_environment_hooks/package.dsv
[1.042s] -- Up-to-date symlink: /home/alvaro/rosej/higgs2/install/higgs2/share/higgs2/serial/build/serial/ament_cmake_environment_hooks/path.dsv
[1.042s] -- Up-to-date symlink: /home/alvaro/rosej/higgs2/install/higgs2/share/higgs2/serial/build/serial/ament_cmake_export_include_directories/ament_cmake_export_include_directories-extras.cmake
[1.042s] -- Up-to-date symlink: /home/alvaro/rosej/higgs2/install/higgs2/share/higgs2/serial/build/serial/ament_cmake_export_libraries/ament_cmake_export_libraries-extras.cmake
[1.042s] -- Up-to-date symlink: /home/alvaro/rosej/higgs2/install/higgs2/share/higgs2/serial/build/serial/ament_cmake_index/share/ament_index/resource_index/package_run_dependencies/serial
[1.043s] -- Up-to-date symlink: /home/alvaro/rosej/higgs2/install/higgs2/share/higgs2/serial/build/serial/ament_cmake_index/share/ament_index/resource_index/packages/serial
[1.043s] -- Up-to-date symlink: /home/alvaro/rosej/higgs2/install/higgs2/share/higgs2/serial/build/serial/ament_cmake_index/share/ament_index/resource_index/parent_prefix_path/serial
[1.043s] -- Up-to-date symlink: /home/alvaro/rosej/higgs2/install/higgs2/share/higgs2/serial/build/serial/ament_cmake_package_templates/templates.cmake
[1.043s] -- Up-to-date symlink: /home/alvaro/rosej/higgs2/install/higgs2/share/higgs2/serial/build/serial/ament_cmake_uninstall_target/ament_cmake_uninstall_target.cmake
[1.043s] -- Up-to-date symlink: /home/alvaro/rosej/higgs2/install/higgs2/share/higgs2/serial/build/serial/cmake_args.last
[1.044s] -- Up-to-date symlink: /home/alvaro/rosej/higgs2/install/higgs2/share/higgs2/serial/build/serial/cmake_install.cmake
[1.044s] -- Up-to-date symlink: /home/alvaro/rosej/higgs2/install/higgs2/share/higgs2/serial/build/serial/colcon_build.rc
[1.044s] -- Up-to-date symlink: /home/alvaro/rosej/higgs2/install/higgs2/share/higgs2/serial/build/serial/colcon_command_prefix_build.sh
[1.044s] -- Up-to-date symlink: /home/alvaro/rosej/higgs2/install/higgs2/share/higgs2/serial/build/serial/colcon_command_prefix_build.sh.env
[1.044s] -- Up-to-date symlink: /home/alvaro/rosej/higgs2/install/higgs2/share/higgs2/serial/build/serial/gtest/CMakeFiles/CMakeDirectoryInformation.cmake
[1.044s] -- Up-to-date symlink: /home/alvaro/rosej/higgs2/install/higgs2/share/higgs2/serial/build/serial/gtest/CMakeFiles/gtest.dir/DependInfo.cmake
[1.045s] -- Up-to-date symlink: /home/alvaro/rosej/higgs2/install/higgs2/share/higgs2/serial/build/serial/gtest/CMakeFiles/gtest.dir/build.make
[1.045s] -- Up-to-date symlink: /home/alvaro/rosej/higgs2/install/higgs2/share/higgs2/serial/build/serial/gtest/CMakeFiles/gtest.dir/cmake_clean.cmake
[1.045s] -- Up-to-date symlink: /home/alvaro/rosej/higgs2/install/higgs2/share/higgs2/serial/build/serial/gtest/CMakeFiles/gtest.dir/cmake_clean_target.cmake
[1.045s] -- Up-to-date symlink: /home/alvaro/rosej/higgs2/install/higgs2/share/higgs2/serial/build/serial/gtest/CMakeFiles/gtest.dir/compiler_depend.make
[1.045s] -- Up-to-date symlink: /home/alvaro/rosej/higgs2/install/higgs2/share/higgs2/serial/build/serial/gtest/CMakeFiles/gtest.dir/compiler_depend.ts
[1.045s] -- Up-to-date symlink: /home/alvaro/rosej/higgs2/install/higgs2/share/higgs2/serial/build/serial/gtest/CMakeFiles/gtest.dir/depend.make
[1.046s] -- Up-to-date symlink: /home/alvaro/rosej/higgs2/install/higgs2/share/higgs2/serial/build/serial/gtest/CMakeFiles/gtest.dir/flags.make
[1.046s] -- Up-to-date symlink: /home/alvaro/rosej/higgs2/install/higgs2/share/higgs2/serial/build/serial/gtest/CMakeFiles/gtest.dir/link.txt
[1.046s] -- Up-to-date symlink: /home/alvaro/rosej/higgs2/install/higgs2/share/higgs2/serial/build/serial/gtest/CMakeFiles/gtest.dir/progress.make
[1.046s] -- Up-to-date symlink: /home/alvaro/rosej/higgs2/install/higgs2/share/higgs2/serial/build/serial/gtest/CMakeFiles/gtest.dir/src/gtest-all.cc.o
[1.046s] -- Up-to-date symlink: /home/alvaro/rosej/higgs2/install/higgs2/share/higgs2/serial/build/serial/gtest/CMakeFiles/gtest.dir/src/gtest-all.cc.o.d
[1.046s] -- Up-to-date symlink: /home/alvaro/rosej/higgs2/install/higgs2/share/higgs2/serial/build/serial/gtest/CMakeFiles/gtest_main.dir/DependInfo.cmake
[1.046s] -- Up-to-date symlink: /home/alvaro/rosej/higgs2/install/higgs2/share/higgs2/serial/build/serial/gtest/CMakeFiles/gtest_main.dir/build.make
[1.047s] -- Up-to-date symlink: /home/alvaro/rosej/higgs2/install/higgs2/share/higgs2/serial/build/serial/gtest/CMakeFiles/gtest_main.dir/cmake_clean.cmake
[1.047s] -- Up-to-date symlink: /home/alvaro/rosej/higgs2/install/higgs2/share/higgs2/serial/build/serial/gtest/CMakeFiles/gtest_main.dir/cmake_clean_target.cmake
[1.047s] -- Up-to-date symlink: /home/alvaro/rosej/higgs2/install/higgs2/share/higgs2/serial/build/serial/gtest/CMakeFiles/gtest_main.dir/compiler_depend.make
[1.047s] -- Up-to-date symlink: /home/alvaro/rosej/higgs2/install/higgs2/share/higgs2/serial/build/serial/gtest/CMakeFiles/gtest_main.dir/compiler_depend.ts
[1.047s] -- Up-to-date symlink: /home/alvaro/rosej/higgs2/install/higgs2/share/higgs2/serial/build/serial/gtest/CMakeFiles/gtest_main.dir/depend.make
[1.047s] -- Up-to-date symlink: /home/alvaro/rosej/higgs2/install/higgs2/share/higgs2/serial/build/serial/gtest/CMakeFiles/gtest_main.dir/flags.make
[1.048s] -- Up-to-date symlink: /home/alvaro/rosej/higgs2/install/higgs2/share/higgs2/serial/build/serial/gtest/CMakeFiles/gtest_main.dir/link.txt
[1.048s] -- Up-to-date symlink: /home/alvaro/rosej/higgs2/install/higgs2/share/higgs2/serial/build/serial/gtest/CMakeFiles/gtest_main.dir/progress.make
[1.048s] -- Up-to-date symlink: /home/alvaro/rosej/higgs2/install/higgs2/share/higgs2/serial/build/serial/gtest/CMakeFiles/gtest_main.dir/src/gtest_main.cc.o
[1.048s] -- Up-to-date symlink: /home/alvaro/rosej/higgs2/install/higgs2/share/higgs2/serial/build/serial/gtest/CMakeFiles/gtest_main.dir/src/gtest_main.cc.o.d
[1.048s] -- Up-to-date symlink: /home/alvaro/rosej/higgs2/install/higgs2/share/higgs2/serial/build/serial/gtest/CMakeFiles/progress.marks
[1.048s] -- Up-to-date symlink: /home/alvaro/rosej/higgs2/install/higgs2/share/higgs2/serial/build/serial/gtest/CTestTestfile.cmake
[1.048s] -- Up-to-date symlink: /home/alvaro/rosej/higgs2/install/higgs2/share/higgs2/serial/build/serial/gtest/Makefile
[1.049s] -- Up-to-date symlink: /home/alvaro/rosej/higgs2/install/higgs2/share/higgs2/serial/build/serial/gtest/cmake_install.cmake
[1.049s] -- Up-to-date symlink: /home/alvaro/rosej/higgs2/install/higgs2/share/higgs2/serial/build/serial/gtest/libgtest.a
[1.049s] -- Up-to-date symlink: /home/alvaro/rosej/higgs2/install/higgs2/share/higgs2/serial/build/serial/gtest/libgtest_main.a
[1.049s] -- Up-to-date symlink: /home/alvaro/rosej/higgs2/install/higgs2/share/higgs2/serial/build/serial/install_manifest.txt
[1.049s] -- Up-to-date symlink: /home/alvaro/rosej/higgs2/install/higgs2/share/higgs2/serial/build/serial/libserial.a
[1.049s] -- Up-to-date symlink: /home/alvaro/rosej/higgs2/install/higgs2/share/higgs2/serial/build/serial/serial_example
[1.049s] -- Up-to-date symlink: /home/alvaro/rosej/higgs2/install/higgs2/share/higgs2/serial/build/serial/tests/CMakeFiles/CMakeDirectoryInformation.cmake
[1.050s] -- Up-to-date symlink: /home/alvaro/rosej/higgs2/install/higgs2/share/higgs2/serial/build/serial/tests/CMakeFiles/progress.marks
[1.050s] -- Up-to-date symlink: /home/alvaro/rosej/higgs2/install/higgs2/share/higgs2/serial/build/serial/tests/CMakeFiles/serial-test-timer.dir/DependInfo.cmake
[1.050s] -- Up-to-date symlink: /home/alvaro/rosej/higgs2/install/higgs2/share/higgs2/serial/build/serial/tests/CMakeFiles/serial-test-timer.dir/build.make
[1.050s] -- Up-to-date symlink: /home/alvaro/rosej/higgs2/install/higgs2/share/higgs2/serial/build/serial/tests/CMakeFiles/serial-test-timer.dir/cmake_clean.cmake
[1.050s] -- Up-to-date symlink: /home/alvaro/rosej/higgs2/install/higgs2/share/higgs2/serial/build/serial/tests/CMakeFiles/serial-test-timer.dir/compiler_depend.make
[1.050s] -- Up-to-date symlink: /home/alvaro/rosej/higgs2/install/higgs2/share/higgs2/serial/build/serial/tests/CMakeFiles/serial-test-timer.dir/compiler_depend.ts
[1.050s] -- Up-to-date symlink: /home/alvaro/rosej/higgs2/install/higgs2/share/higgs2/serial/build/serial/tests/CMakeFiles/serial-test-timer.dir/depend.make
[1.051s] -- Up-to-date symlink: /home/alvaro/rosej/higgs2/install/higgs2/share/higgs2/serial/build/serial/tests/CMakeFiles/serial-test-timer.dir/flags.make
[1.051s] -- Up-to-date symlink: /home/alvaro/rosej/higgs2/install/higgs2/share/higgs2/serial/build/serial/tests/CMakeFiles/serial-test-timer.dir/link.txt
[1.051s] -- Up-to-date symlink: /home/alvaro/rosej/higgs2/install/higgs2/share/higgs2/serial/build/serial/tests/CMakeFiles/serial-test-timer.dir/progress.make
[1.051s] -- Up-to-date symlink: /home/alvaro/rosej/higgs2/install/higgs2/share/higgs2/serial/build/serial/tests/CMakeFiles/serial-test-timer.dir/unit/unix_timer_tests.cc.o
[1.051s] -- Up-to-date symlink: /home/alvaro/rosej/higgs2/install/higgs2/share/higgs2/serial/build/serial/tests/CMakeFiles/serial-test-timer.dir/unit/unix_timer_tests.cc.o.d
[1.051s] -- Up-to-date symlink: /home/alvaro/rosej/higgs2/install/higgs2/share/higgs2/serial/build/serial/tests/CMakeFiles/serial-test.dir/DependInfo.cmake
[1.052s] -- Up-to-date symlink: /home/alvaro/rosej/higgs2/install/higgs2/share/higgs2/serial/build/serial/tests/CMakeFiles/serial-test.dir/build.make
[1.052s] -- Up-to-date symlink: /home/alvaro/rosej/higgs2/install/higgs2/share/higgs2/serial/build/serial/tests/CMakeFiles/serial-test.dir/cmake_clean.cmake
[1.052s] -- Up-to-date symlink: /home/alvaro/rosej/higgs2/install/higgs2/share/higgs2/serial/build/serial/tests/CMakeFiles/serial-test.dir/compiler_depend.make
[1.052s] -- Up-to-date symlink: /home/alvaro/rosej/higgs2/install/higgs2/share/higgs2/serial/build/serial/tests/CMakeFiles/serial-test.dir/compiler_depend.ts
[1.052s] -- Up-to-date symlink: /home/alvaro/rosej/higgs2/install/higgs2/share/higgs2/serial/build/serial/tests/CMakeFiles/serial-test.dir/depend.make
[1.052s] -- Up-to-date symlink: /home/alvaro/rosej/higgs2/install/higgs2/share/higgs2/serial/build/serial/tests/CMakeFiles/serial-test.dir/flags.make
[1.053s] -- Up-to-date symlink: /home/alvaro/rosej/higgs2/install/higgs2/share/higgs2/serial/build/serial/tests/CMakeFiles/serial-test.dir/link.txt
[1.053s] -- Up-to-date symlink: /home/alvaro/rosej/higgs2/install/higgs2/share/higgs2/serial/build/serial/tests/CMakeFiles/serial-test.dir/progress.make
[1.053s] -- Up-to-date symlink: /home/alvaro/rosej/higgs2/install/higgs2/share/higgs2/serial/build/serial/tests/CMakeFiles/serial-test.dir/unix_serial_tests.cc.o
[1.053s] -- Up-to-date symlink: /home/alvaro/rosej/higgs2/install/higgs2/share/higgs2/serial/build/serial/tests/CMakeFiles/serial-test.dir/unix_serial_tests.cc.o.d
[1.053s] -- Up-to-date symlink: /home/alvaro/rosej/higgs2/install/higgs2/share/higgs2/serial/build/serial/tests/CTestTestfile.cmake
[1.053s] -- Up-to-date symlink: /home/alvaro/rosej/higgs2/install/higgs2/share/higgs2/serial/build/serial/tests/Makefile
[1.053s] -- Up-to-date symlink: /home/alvaro/rosej/higgs2/install/higgs2/share/higgs2/serial/build/serial/tests/cmake_install.cmake
[1.054s] -- Up-to-date symlink: /home/alvaro/rosej/higgs2/install/higgs2/share/higgs2/serial/build/serial/tests/serial-test
[1.054s] -- Up-to-date symlink: /home/alvaro/rosej/higgs2/install/higgs2/share/higgs2/serial/build/serial/tests/serial-test-timer
[1.054s] -- Up-to-date symlink: /home/alvaro/rosej/higgs2/install/higgs2/share/higgs2/serial/changes.txt
[1.054s] -- Up-to-date symlink: /home/alvaro/rosej/higgs2/install/higgs2/share/higgs2/serial/doc/Doxyfile
[1.054s] -- Up-to-date symlink: /home/alvaro/rosej/higgs2/install/higgs2/share/higgs2/serial/doc/serial.dox
[1.055s] -- Up-to-date symlink: /home/alvaro/rosej/higgs2/install/higgs2/share/higgs2/serial/examples/serial_example.cc
[1.055s] -- Up-to-date symlink: /home/alvaro/rosej/higgs2/install/higgs2/share/higgs2/serial/include/serial/impl/unix.h
[1.055s] -- Up-to-date symlink: /home/alvaro/rosej/higgs2/install/higgs2/share/higgs2/serial/include/serial/impl/win.h
[1.055s] -- Up-to-date symlink: /home/alvaro/rosej/higgs2/install/higgs2/share/higgs2/serial/include/serial/serial.h
[1.056s] -- Up-to-date symlink: /home/alvaro/rosej/higgs2/install/higgs2/share/higgs2/serial/include/serial/v8stdint.h
[1.056s] -- Up-to-date symlink: /home/alvaro/rosej/higgs2/install/higgs2/share/higgs2/serial/install/.colcon_install_layout
[1.056s] -- Up-to-date symlink: /home/alvaro/rosej/higgs2/install/higgs2/share/higgs2/serial/install/COLCON_IGNORE
[1.057s] -- Up-to-date symlink: /home/alvaro/rosej/higgs2/install/higgs2/share/higgs2/serial/install/_local_setup_util_ps1.py
[1.057s] -- Up-to-date symlink: /home/alvaro/rosej/higgs2/install/higgs2/share/higgs2/serial/install/_local_setup_util_sh.py
[1.057s] -- Up-to-date symlink: /home/alvaro/rosej/higgs2/install/higgs2/share/higgs2/serial/install/local_setup.bash
[1.058s] -- Up-to-date symlink: /home/alvaro/rosej/higgs2/install/higgs2/share/higgs2/serial/install/local_setup.ps1
[1.058s] -- Up-to-date symlink: /home/alvaro/rosej/higgs2/install/higgs2/share/higgs2/serial/install/local_setup.sh
[1.060s] -- Up-to-date symlink: /home/alvaro/rosej/higgs2/install/higgs2/share/higgs2/serial/install/local_setup.zsh
[1.060s] -- Up-to-date symlink: /home/alvaro/rosej/higgs2/install/higgs2/share/higgs2/serial/install/serial/include/serial/serial.h
[1.062s] -- Up-to-date symlink: /home/alvaro/rosej/higgs2/install/higgs2/share/higgs2/serial/install/serial/include/serial/v8stdint.h
[1.062s] -- Up-to-date symlink: /home/alvaro/rosej/higgs2/install/higgs2/share/higgs2/serial/install/serial/lib/libserial.a
[1.062s] -- Up-to-date symlink: /home/alvaro/rosej/higgs2/install/higgs2/share/higgs2/serial/install/serial/share/ament_index/resource_index/package_run_dependencies/serial
[1.062s] -- Up-to-date symlink: /home/alvaro/rosej/higgs2/install/higgs2/share/higgs2/serial/install/serial/share/ament_index/resource_index/packages/serial
[1.062s] -- Up-to-date symlink: /home/alvaro/rosej/higgs2/install/higgs2/share/higgs2/serial/install/serial/share/ament_index/resource_index/parent_prefix_path/serial
[1.063s] -- Up-to-date symlink: /home/alvaro/rosej/higgs2/install/higgs2/share/higgs2/serial/install/serial/share/colcon-core/packages/serial
[1.063s] -- Up-to-date symlink: /home/alvaro/rosej/higgs2/install/higgs2/share/higgs2/serial/install/serial/share/serial/cmake/ament_cmake_export_include_directories-extras.cmake
[1.063s] -- Up-to-date symlink: /home/alvaro/rosej/higgs2/install/higgs2/share/higgs2/serial/install/serial/share/serial/cmake/ament_cmake_export_libraries-extras.cmake
[1.065s] -- Up-to-date symlink: /home/alvaro/rosej/higgs2/install/higgs2/share/higgs2/serial/install/serial/share/serial/cmake/serialConfig-version.cmake
[1.065s] -- Up-to-date symlink: /home/alvaro/rosej/higgs2/install/higgs2/share/higgs2/serial/install/serial/share/serial/cmake/serialConfig.cmake
[1.065s] -- Up-to-date symlink: /home/alvaro/rosej/higgs2/install/higgs2/share/higgs2/serial/install/serial/share/serial/environment/ament_prefix_path.dsv
[1.066s] -- Up-to-date symlink: /home/alvaro/rosej/higgs2/install/higgs2/share/higgs2/serial/install/serial/share/serial/environment/ament_prefix_path.sh
[1.066s] -- Up-to-date symlink: /home/alvaro/rosej/higgs2/install/higgs2/share/higgs2/serial/install/serial/share/serial/environment/library_path.dsv
[1.066s] -- Up-to-date symlink: /home/alvaro/rosej/higgs2/install/higgs2/share/higgs2/serial/install/serial/share/serial/environment/library_path.sh
[1.066s] -- Up-to-date symlink: /home/alvaro/rosej/higgs2/install/higgs2/share/higgs2/serial/install/serial/share/serial/environment/path.dsv
[1.066s] -- Up-to-date symlink: /home/alvaro/rosej/higgs2/install/higgs2/share/higgs2/serial/install/serial/share/serial/environment/path.sh
[1.066s] -- Up-to-date symlink: /home/alvaro/rosej/higgs2/install/higgs2/share/higgs2/serial/install/serial/share/serial/hook/cmake_prefix_path.dsv
[1.067s] -- Up-to-date symlink: /home/alvaro/rosej/higgs2/install/higgs2/share/higgs2/serial/install/serial/share/serial/hook/cmake_prefix_path.ps1
[1.067s] -- Up-to-date symlink: /home/alvaro/rosej/higgs2/install/higgs2/share/higgs2/serial/install/serial/share/serial/hook/cmake_prefix_path.sh
[1.067s] -- Up-to-date symlink: /home/alvaro/rosej/higgs2/install/higgs2/share/higgs2/serial/install/serial/share/serial/local_setup.bash
[1.067s] -- Up-to-date symlink: /home/alvaro/rosej/higgs2/install/higgs2/share/higgs2/serial/install/serial/share/serial/local_setup.dsv
[1.067s] -- Up-to-date symlink: /home/alvaro/rosej/higgs2/install/higgs2/share/higgs2/serial/install/serial/share/serial/local_setup.sh
[1.068s] -- Up-to-date symlink: /home/alvaro/rosej/higgs2/install/higgs2/share/higgs2/serial/install/serial/share/serial/local_setup.zsh
[1.068s] -- Up-to-date symlink: /home/alvaro/rosej/higgs2/install/higgs2/share/higgs2/serial/install/serial/share/serial/package.bash
[1.068s] -- Up-to-date symlink: /home/alvaro/rosej/higgs2/install/higgs2/share/higgs2/serial/install/serial/share/serial/package.dsv
[1.070s] -- Up-to-date symlink: /home/alvaro/rosej/higgs2/install/higgs2/share/higgs2/serial/install/serial/share/serial/package.ps1
[1.070s] -- Up-to-date symlink: /home/alvaro/rosej/higgs2/install/higgs2/share/higgs2/serial/install/serial/share/serial/package.sh
[1.070s] -- Up-to-date symlink: /home/alvaro/rosej/higgs2/install/higgs2/share/higgs2/serial/install/serial/share/serial/package.xml
[1.071s] -- Up-to-date symlink: /home/alvaro/rosej/higgs2/install/higgs2/share/higgs2/serial/install/serial/share/serial/package.zsh
[1.071s] -- Up-to-date symlink: /home/alvaro/rosej/higgs2/install/higgs2/share/higgs2/serial/install/setup.bash
[1.072s] -- Up-to-date symlink: /home/alvaro/rosej/higgs2/install/higgs2/share/higgs2/serial/install/setup.ps1
[1.073s] -- Up-to-date symlink: /home/alvaro/rosej/higgs2/install/higgs2/share/higgs2/serial/install/setup.sh
[1.073s] -- Up-to-date symlink: /home/alvaro/rosej/higgs2/install/higgs2/share/higgs2/serial/install/setup.zsh
[1.073s] -- Up-to-date symlink: /home/alvaro/rosej/higgs2/install/higgs2/share/higgs2/serial/log/COLCON_IGNORE
[1.074s] -- Up-to-date symlink: /home/alvaro/rosej/higgs2/install/higgs2/share/higgs2/serial/log/build_2023-04-12_23-48-44/events.log
[1.074s] -- Up-to-date symlink: /home/alvaro/rosej/higgs2/install/higgs2/share/higgs2/serial/log/build_2023-04-12_23-48-44/logger_all.log
[1.074s] -- Up-to-date symlink: /home/alvaro/rosej/higgs2/install/higgs2/share/higgs2/serial/log/build_2023-04-12_23-48-44/serial/command.log
[1.074s] -- Up-to-date symlink: /home/alvaro/rosej/higgs2/install/higgs2/share/higgs2/serial/log/build_2023-04-12_23-48-44/serial/stderr.log
[1.074s] -- Up-to-date symlink: /home/alvaro/rosej/higgs2/install/higgs2/share/higgs2/serial/log/build_2023-04-12_23-48-44/serial/stdout.log
[1.074s] -- Up-to-date symlink: /home/alvaro/rosej/higgs2/install/higgs2/share/higgs2/serial/log/build_2023-04-12_23-48-44/serial/stdout_stderr.log
[1.075s] -- Up-to-date symlink: /home/alvaro/rosej/higgs2/install/higgs2/share/higgs2/serial/log/build_2023-04-12_23-48-44/serial/streams.log
[1.075s] -- Up-to-date symlink: /home/alvaro/rosej/higgs2/install/higgs2/share/higgs2/serial/log/latest/events.log
[1.075s] -- Up-to-date symlink: /home/alvaro/rosej/higgs2/install/higgs2/share/higgs2/serial/log/latest/logger_all.log
[1.075s] -- Up-to-date symlink: /home/alvaro/rosej/higgs2/install/higgs2/share/higgs2/serial/log/latest/serial/command.log
[1.075s] -- Up-to-date symlink: /home/alvaro/rosej/higgs2/install/higgs2/share/higgs2/serial/log/latest/serial/stderr.log
[1.076s] -- Up-to-date symlink: /home/alvaro/rosej/higgs2/install/higgs2/share/higgs2/serial/log/latest/serial/stdout.log
[1.076s] -- Up-to-date symlink: /home/alvaro/rosej/higgs2/install/higgs2/share/higgs2/serial/log/latest/serial/stdout_stderr.log
[1.076s] -- Up-to-date symlink: /home/alvaro/rosej/higgs2/install/higgs2/share/higgs2/serial/log/latest/serial/streams.log
[1.076s] -- Up-to-date symlink: /home/alvaro/rosej/higgs2/install/higgs2/share/higgs2/serial/log/latest_build/events.log
[1.076s] -- Up-to-date symlink: /home/alvaro/rosej/higgs2/install/higgs2/share/higgs2/serial/log/latest_build/logger_all.log
[1.077s] -- Up-to-date symlink: /home/alvaro/rosej/higgs2/install/higgs2/share/higgs2/serial/log/latest_build/serial/command.log
[1.077s] -- Up-to-date symlink: /home/alvaro/rosej/higgs2/install/higgs2/share/higgs2/serial/log/latest_build/serial/stderr.log
[1.077s] -- Up-to-date symlink: /home/alvaro/rosej/higgs2/install/higgs2/share/higgs2/serial/log/latest_build/serial/stdout.log
[1.077s] -- Up-to-date symlink: /home/alvaro/rosej/higgs2/install/higgs2/share/higgs2/serial/log/latest_build/serial/stdout_stderr.log
[1.077s] -- Up-to-date symlink: /home/alvaro/rosej/higgs2/install/higgs2/share/higgs2/serial/log/latest_build/serial/streams.log
[1.078s] -- Up-to-date symlink: /home/alvaro/rosej/higgs2/install/higgs2/share/higgs2/serial/package.xml
[1.078s] -- Up-to-date symlink: /home/alvaro/rosej/higgs2/install/higgs2/share/higgs2/serial/serial.sublime-project
[1.078s] -- Up-to-date symlink: /home/alvaro/rosej/higgs2/install/higgs2/share/higgs2/serial/src/impl/list_ports/list_ports_linux.cc
[1.078s] -- Up-to-date symlink: /home/alvaro/rosej/higgs2/install/higgs2/share/higgs2/serial/src/impl/list_ports/list_ports_osx.cc
[1.078s] -- Up-to-date symlink: /home/alvaro/rosej/higgs2/install/higgs2/share/higgs2/serial/src/impl/list_ports/list_ports_win.cc
[1.079s] -- Up-to-date symlink: /home/alvaro/rosej/higgs2/install/higgs2/share/higgs2/serial/src/impl/unix.cc
[1.079s] -- Up-to-date symlink: /home/alvaro/rosej/higgs2/install/higgs2/share/higgs2/serial/src/impl/win.cc
[1.079s] -- Up-to-date symlink: /home/alvaro/rosej/higgs2/install/higgs2/share/higgs2/serial/src/serial.cc
[1.079s] -- Up-to-date symlink: /home/alvaro/rosej/higgs2/install/higgs2/share/higgs2/serial/tests/CMakeLists.txt
[1.079s] -- Up-to-date symlink: /home/alvaro/rosej/higgs2/install/higgs2/share/higgs2/serial/tests/proof_of_concepts/mdc2250.cc
[1.080s] -- Up-to-date symlink: /home/alvaro/rosej/higgs2/install/higgs2/share/higgs2/serial/tests/proof_of_concepts/python_serial_test.py
[1.080s] -- Up-to-date symlink: /home/alvaro/rosej/higgs2/install/higgs2/share/higgs2/serial/tests/proof_of_concepts/tokenizer.cc
[1.080s] -- Up-to-date symlink: /home/alvaro/rosej/higgs2/install/higgs2/share/higgs2/serial/tests/unit/unix_timer_tests.cc
[1.080s] -- Up-to-date symlink: /home/alvaro/rosej/higgs2/install/higgs2/share/higgs2/serial/tests/unix_serial_tests.cc
[1.080s] -- Up-to-date symlink: /home/alvaro/rosej/higgs2/install/higgs2/share/higgs2/serial/visual_studio/serial/serial.vcxproj
[1.080s] -- Up-to-date symlink: /home/alvaro/rosej/higgs2/install/higgs2/share/higgs2/serial/visual_studio/serial/serial.vcxproj.filters
[1.080s] -- Up-to-date symlink: /home/alvaro/rosej/higgs2/install/higgs2/share/higgs2/serial/visual_studio/test_serial/test_serial.vcxproj
[1.080s] -- Up-to-date symlink: /home/alvaro/rosej/higgs2/install/higgs2/share/higgs2/serial/visual_studio/test_serial/test_serial.vcxproj.filters
[1.080s] -- Up-to-date symlink: /home/alvaro/rosej/higgs2/install/higgs2/share/higgs2/serial/visual_studio/visual_studio.sln
[1.080s] -- Up-to-date symlink: /home/alvaro/rosej/higgs2/install/higgs2/share/ament_index/resource_index/package_run_dependencies/higgs2
[1.081s] -- Up-to-date symlink: /home/alvaro/rosej/higgs2/install/higgs2/share/ament_index/resource_index/parent_prefix_path/higgs2
[1.081s] -- Up-to-date symlink: /home/alvaro/rosej/higgs2/install/higgs2/share/higgs2/environment/ament_prefix_path.sh
[1.081s] -- Up-to-date symlink: /home/alvaro/rosej/higgs2/install/higgs2/share/higgs2/environment/ament_prefix_path.dsv
[1.081s] -- Up-to-date symlink: /home/alvaro/rosej/higgs2/install/higgs2/share/higgs2/environment/path.sh
[1.081s] -- Up-to-date symlink: /home/alvaro/rosej/higgs2/install/higgs2/share/higgs2/environment/path.dsv
[1.081s] -- Up-to-date symlink: /home/alvaro/rosej/higgs2/install/higgs2/share/higgs2/local_setup.bash
[1.081s] -- Up-to-date symlink: /home/alvaro/rosej/higgs2/install/higgs2/share/higgs2/local_setup.sh
[1.081s] -- Up-to-date symlink: /home/alvaro/rosej/higgs2/install/higgs2/share/higgs2/local_setup.zsh
[1.081s] -- Up-to-date symlink: /home/alvaro/rosej/higgs2/install/higgs2/share/higgs2/local_setup.dsv
[1.082s] -- Symlinking: /home/alvaro/rosej/higgs2/install/higgs2/share/higgs2/package.dsv
[1.083s] -- Up-to-date symlink: /home/alvaro/rosej/higgs2/install/higgs2/share/ament_index/resource_index/packages/higgs2
[1.083s] -- Up-to-date symlink: /home/alvaro/rosej/higgs2/install/higgs2/share/higgs2/cmake/higgs2Config.cmake
[1.083s] -- Up-to-date symlink: /home/alvaro/rosej/higgs2/install/higgs2/share/higgs2/cmake/higgs2Config-version.cmake
[1.083s] -- Up-to-date symlink: /home/alvaro/rosej/higgs2/install/higgs2/share/higgs2/package.xml
[1.083s] Invoked command in '/home/alvaro/rosej/higgs2/build/higgs2' returned '0': CMAKE_PREFIX_PATH=${CMAKE_PREFIX_PATH}:/opt/ros/humble /usr/bin/cmake --install /home/alvaro/rosej/higgs2/build/higgs2
