-- Install configuration: ""
-- Up-to-date: /home/alvaro/rosej/higgs2/install/higgs2/share/higgs2/config
-- Up-to-date: /home/alvaro/rosej/higgs2/install/higgs2/share/higgs2/config/view_bot.rviz
-- Up-to-date: /home/alvaro/rosej/higgs2/install/higgs2/share/higgs2/config/drive_bot.rviz
-- Up-to-date: /home/alvaro/rosej/higgs2/install/higgs2/share/higgs2/config/gazebo_params.yaml
-- Up-to-date: /home/alvaro/rosej/higgs2/install/higgs2/share/higgs2/src
-- Up-to-date: /home/alvaro/rosej/higgs2/install/higgs2/share/higgs2/src/description
-- Installing: /home/alvaro/rosej/higgs2/install/higgs2/share/higgs2/src/description/gazebo_control.xacro
-- Up-to-date: /home/alvaro/rosej/higgs2/install/higgs2/share/higgs2/src/description/lidar.xacro
-- Up-to-date: /home/alvaro/rosej/higgs2/install/higgs2/share/higgs2/src/description/inertial_macros.xacro
-- Up-to-date: /home/alvaro/rosej/higgs2/install/higgs2/share/higgs2/src/description/robot.urdf.xacro
-- Up-to-date: /home/alvaro/rosej/higgs2/install/higgs2/share/higgs2/src/description/robot_core.xacro
-- Up-to-date: /home/alvaro/rosej/higgs2/install/higgs2/share/higgs2/src/meshes
-- Up-to-date: /home/alvaro/rosej/higgs2/install/higgs2/share/higgs2/src/meshes/rueda.stl
-- Up-to-date: /home/alvaro/rosej/higgs2/install/higgs2/share/higgs2/src/meshes/cubierta.dae
-- Up-to-date: /home/alvaro/rosej/higgs2/install/higgs2/share/higgs2/src/meshes/eje.stl
-- Up-to-date: /home/alvaro/rosej/higgs2/install/higgs2/share/higgs2/src/meshes/chasis.stl
-- Up-to-date: /home/alvaro/rosej/higgs2/install/higgs2/share/higgs2/src/meshes/hokuyo.dae
-- Up-to-date: /home/alvaro/rosej/higgs2/install/higgs2/share/higgs2/src/meshes/sonar_delantero.stl
-- Up-to-date: /home/alvaro/rosej/higgs2/install/higgs2/share/higgs2/src/meshes/chasis.dae
-- Up-to-date: /home/alvaro/rosej/higgs2/install/higgs2/share/higgs2/src/meshes/sonar_delantero.dae
-- Up-to-date: /home/alvaro/rosej/higgs2/install/higgs2/share/higgs2/src/meshes/sonar_trasero.dae
-- Up-to-date: /home/alvaro/rosej/higgs2/install/higgs2/share/higgs2/src/meshes/cubierta.stl
-- Up-to-date: /home/alvaro/rosej/higgs2/install/higgs2/share/higgs2/src/meshes/sonar_trasero.stl
-- Up-to-date: /home/alvaro/rosej/higgs2/install/higgs2/share/higgs2/src/meshes/rueda.dae
-- Up-to-date: /home/alvaro/rosej/higgs2/install/higgs2/share/higgs2/src/meshes/eje.dae
-- Up-to-date: /home/alvaro/rosej/higgs2/install/higgs2/share/higgs2/launch
-- Installing: /home/alvaro/rosej/higgs2/install/higgs2/share/higgs2/launch/launch_sim.launch.py
-- Up-to-date: /home/alvaro/rosej/higgs2/install/higgs2/share/higgs2/launch/rplidar.launch.py
-- Up-to-date: /home/alvaro/rosej/higgs2/install/higgs2/share/higgs2/launch/rsp.launch.py
-- Up-to-date: /home/alvaro/rosej/higgs2/install/higgs2/share/higgs2/worlds
-- Up-to-date: /home/alvaro/rosej/higgs2/install/higgs2/share/higgs2/worlds/prueba.world
-- Up-to-date: /home/alvaro/rosej/higgs2/install/higgs2/share/higgs2/worlds/scenario1.world
-- Up-to-date: /home/alvaro/rosej/higgs2/install/higgs2/share/ament_index/resource_index/package_run_dependencies/higgs2
-- Up-to-date: /home/alvaro/rosej/higgs2/install/higgs2/share/ament_index/resource_index/parent_prefix_path/higgs2
-- Up-to-date: /home/alvaro/rosej/higgs2/install/higgs2/share/higgs2/environment/ament_prefix_path.sh
-- Up-to-date: /home/alvaro/rosej/higgs2/install/higgs2/share/higgs2/environment/ament_prefix_path.dsv
-- Up-to-date: /home/alvaro/rosej/higgs2/install/higgs2/share/higgs2/environment/path.sh
-- Up-to-date: /home/alvaro/rosej/higgs2/install/higgs2/share/higgs2/environment/path.dsv
-- Up-to-date: /home/alvaro/rosej/higgs2/install/higgs2/share/higgs2/local_setup.bash
-- Up-to-date: /home/alvaro/rosej/higgs2/install/higgs2/share/higgs2/local_setup.sh
-- Up-to-date: /home/alvaro/rosej/higgs2/install/higgs2/share/higgs2/local_setup.zsh
-- Up-to-date: /home/alvaro/rosej/higgs2/install/higgs2/share/higgs2/local_setup.dsv
-- Installing: /home/alvaro/rosej/higgs2/install/higgs2/share/higgs2/package.dsv
-- Up-to-date: /home/alvaro/rosej/higgs2/install/higgs2/share/ament_index/resource_index/packages/higgs2
-- Up-to-date: /home/alvaro/rosej/higgs2/install/higgs2/share/higgs2/cmake/higgs2Config.cmake
-- Up-to-date: /home/alvaro/rosej/higgs2/install/higgs2/share/higgs2/cmake/higgs2Config-version.cmake
-- Up-to-date: /home/alvaro/rosej/higgs2/install/higgs2/share/higgs2/package.xml
