[0.578s] DEBUG:colcon:Command line arguments: ['/usr/bin/colcon', 'build']
[0.578s] DEBUG:colcon:Parsed command line arguments: Namespace(log_base=None, log_level=None, verb_name='build', build_base='build', install_base='install', merge_install=False, symlink_install=False, test_result_base=None, continue_on_error=False, executor='parallel', parallel_workers=12, event_handlers=None, ignore_user_meta=False, metas=['./colcon.meta'], base_paths=['.'], packages_ignore=None, packages_ignore_regex=None, paths=None, packages_up_to=None, packages_up_to_regex=None, packages_above=None, packages_above_and_dependencies=None, packages_above_depth=None, packages_select_by_dep=None, packages_skip_by_dep=None, packages_skip_up_to=None, packages_select_build_failed=False, packages_skip_build_finished=False, packages_select_test_failures=False, packages_skip_test_passed=False, packages_select=None, packages_skip=None, packages_select_regex=None, packages_skip_regex=None, packages_start=None, packages_end=None, allow_overriding=[], cmake_args=None, cmake_target=None, cmake_target_skip_unavailable=False, cmake_clean_cache=False, cmake_clean_first=False, cmake_force_configure=False, ament_cmake_args=None, catkin_cmake_args=None, catkin_skip_building_tests=False, verb_parser=<colcon_defaults.argument_parser.defaults.DefaultArgumentsDecorator object at 0x7f51210e5780>, verb_extension=<colcon_core.verb.build.BuildVerb object at 0x7f51219511e0>, main=<bound method BuildVerb.main of <colcon_core.verb.build.BuildVerb object at 0x7f51219511e0>>)
[0.653s] Level 1:colcon.colcon_core.package_discovery:discover_packages(colcon_meta) check parameters
[0.653s] Level 1:colcon.colcon_core.package_discovery:discover_packages(recursive) check parameters
[0.653s] Level 1:colcon.colcon_core.package_discovery:discover_packages(ignore) check parameters
[0.653s] Level 1:colcon.colcon_core.package_discovery:discover_packages(path) check parameters
[0.653s] Level 1:colcon.colcon_core.package_discovery:discover_packages(colcon_meta) discover
[0.653s] Level 1:colcon.colcon_core.package_discovery:discover_packages(recursive) discover
[0.653s] INFO:colcon.colcon_core.package_discovery:Crawling recursively for packages in '/home/alvaro/rosej/higgs2'
[0.654s] Level 1:colcon.colcon_core.package_identification:_identify(.) by extensions ['ignore', 'ignore_ament_install']
[0.654s] Level 1:colcon.colcon_core.package_identification:_identify(.) by extension 'ignore'
[0.654s] Level 1:colcon.colcon_core.package_identification:_identify(.) by extension 'ignore_ament_install'
[0.654s] Level 1:colcon.colcon_core.package_identification:_identify(.) by extensions ['colcon_pkg']
[0.654s] Level 1:colcon.colcon_core.package_identification:_identify(.) by extension 'colcon_pkg'
[0.654s] Level 1:colcon.colcon_core.package_identification:_identify(.) by extensions ['colcon_meta']
[0.654s] Level 1:colcon.colcon_core.package_identification:_identify(.) by extension 'colcon_meta'
[0.654s] Level 1:colcon.colcon_core.package_identification:_identify(.) by extensions ['ros']
[0.654s] Level 1:colcon.colcon_core.package_identification:_identify(.) by extension 'ros'
[0.673s] DEBUG:colcon.colcon_core.package_identification:Package '.' with type 'ros.ament_cmake' and name 'higgs2'
[0.673s] Level 1:colcon.colcon_core.package_discovery:discover_packages(recursive) using defaults
[0.674s] Level 1:colcon.colcon_core.package_discovery:discover_packages(ignore) discover
[0.674s] Level 1:colcon.colcon_core.package_discovery:discover_packages(ignore) using defaults
[0.674s] Level 1:colcon.colcon_core.package_discovery:discover_packages(path) discover
[0.674s] Level 1:colcon.colcon_core.package_discovery:discover_packages(path) using defaults
[0.712s] Level 1:colcon.colcon_core.package_discovery:discover_packages(prefix_path) check parameters
[0.712s] Level 1:colcon.colcon_core.package_discovery:discover_packages(prefix_path) discover
[0.717s] DEBUG:colcon.colcon_installed_package_information.package_discovery:Found 1 installed packages in /home/alvaro/rosej/higgs2/install
[0.718s] DEBUG:colcon.colcon_installed_package_information.package_discovery:Found 1 installed packages in /home/alvaro/Descargas/articubot_one-adb08202d3dafeeaf8a3691ddd64aa8551c40f78/install
[0.721s] DEBUG:colcon.colcon_installed_package_information.package_discovery:Found 342 installed packages in /opt/ros/humble
[0.723s] Level 1:colcon.colcon_core.package_discovery:discover_packages(prefix_path) using defaults
[0.848s] Level 5:colcon.colcon_core.verb:set package 'higgs2' build argument 'cmake_args' from command line to 'None'
[0.848s] Level 5:colcon.colcon_core.verb:set package 'higgs2' build argument 'cmake_target' from command line to 'None'
[0.848s] Level 5:colcon.colcon_core.verb:set package 'higgs2' build argument 'cmake_target_skip_unavailable' from command line to 'False'
[0.849s] Level 5:colcon.colcon_core.verb:set package 'higgs2' build argument 'cmake_clean_cache' from command line to 'False'
[0.849s] Level 5:colcon.colcon_core.verb:set package 'higgs2' build argument 'cmake_clean_first' from command line to 'False'
[0.849s] Level 5:colcon.colcon_core.verb:set package 'higgs2' build argument 'cmake_force_configure' from command line to 'False'
[0.849s] Level 5:colcon.colcon_core.verb:set package 'higgs2' build argument 'ament_cmake_args' from command line to 'None'
[0.849s] Level 5:colcon.colcon_core.verb:set package 'higgs2' build argument 'catkin_cmake_args' from command line to 'None'
[0.849s] Level 5:colcon.colcon_core.verb:set package 'higgs2' build argument 'catkin_skip_building_tests' from command line to 'False'
[0.849s] DEBUG:colcon.colcon_core.verb:Building package 'higgs2' with the following arguments: {'ament_cmake_args': None, 'build_base': '/home/alvaro/rosej/higgs2/build/higgs2', 'catkin_cmake_args': None, 'catkin_skip_building_tests': False, 'cmake_args': None, 'cmake_clean_cache': False, 'cmake_clean_first': False, 'cmake_force_configure': False, 'cmake_target': None, 'cmake_target_skip_unavailable': False, 'install_base': '/home/alvaro/rosej/higgs2/install/higgs2', 'merge_install': False, 'path': '/home/alvaro/rosej/higgs2', 'symlink_install': False, 'test_result_base': None}
[0.850s] INFO:colcon.colcon_core.executor:Executing jobs using 'parallel' executor
[0.855s] DEBUG:colcon.colcon_parallel_executor.executor.parallel:run_until_complete
[0.856s] INFO:colcon.colcon_ros.task.ament_cmake.build:Building ROS package in '/home/alvaro/rosej/higgs2' with build type 'ament_cmake'
[0.856s] INFO:colcon.colcon_cmake.task.cmake.build:Building CMake package in '/home/alvaro/rosej/higgs2'
[0.863s] INFO:colcon.colcon_core.plugin_system:Skipping extension 'colcon_core.shell.bat': Not used on non-Windows systems
[0.864s] INFO:colcon.colcon_core.shell:Skip shell extension 'powershell' for command environment: Not usable outside of PowerShell
[0.864s] DEBUG:colcon.colcon_core.shell:Skip shell extension 'dsv' for command environment
[0.885s] DEBUG:colcon.colcon_core.event_handler.log_command:Invoking command in '/home/alvaro/rosej/higgs2/build/higgs2': CMAKE_PREFIX_PATH=${CMAKE_PREFIX_PATH}:/opt/ros/humble /usr/bin/cmake --build /home/alvaro/rosej/higgs2/build/higgs2 -- -j12 -l12
[0.960s] DEBUG:colcon.colcon_core.event_handler.log_command:Invoked command in '/home/alvaro/rosej/higgs2/build/higgs2' returned '0': CMAKE_PREFIX_PATH=${CMAKE_PREFIX_PATH}:/opt/ros/humble /usr/bin/cmake --build /home/alvaro/rosej/higgs2/build/higgs2 -- -j12 -l12
[1.022s] DEBUG:colcon.colcon_core.event_handler.log_command:Invoking command in '/home/alvaro/rosej/higgs2/build/higgs2': CMAKE_PREFIX_PATH=${CMAKE_PREFIX_PATH}:/opt/ros/humble /usr/bin/cmake --install /home/alvaro/rosej/higgs2/build/higgs2
[1.078s] Level 1:colcon.colcon_core.environment:create_environment_scripts_only(higgs2)
[1.080s] DEBUG:colcon.colcon_core.event_handler.log_command:Invoked command in '/home/alvaro/rosej/higgs2/build/higgs2' returned '0': CMAKE_PREFIX_PATH=${CMAKE_PREFIX_PATH}:/opt/ros/humble /usr/bin/cmake --install /home/alvaro/rosej/higgs2/build/higgs2
[1.091s] Level 1:colcon.colcon_core.environment:checking '/home/alvaro/rosej/higgs2/install/higgs2' for CMake module files
[1.091s] Level 1:colcon.colcon_core.environment:checking '/home/alvaro/rosej/higgs2/install/higgs2' for CMake config files
[1.092s] Level 1:colcon.colcon_core.shell:create_environment_hook('higgs2', 'cmake_prefix_path')
[1.094s] INFO:colcon.colcon_core.shell:Creating environment hook '/home/alvaro/rosej/higgs2/install/higgs2/share/higgs2/hook/cmake_prefix_path.ps1'
[1.095s] INFO:colcon.colcon_core.shell:Creating environment descriptor '/home/alvaro/rosej/higgs2/install/higgs2/share/higgs2/hook/cmake_prefix_path.dsv'
[1.096s] INFO:colcon.colcon_core.shell:Creating environment hook '/home/alvaro/rosej/higgs2/install/higgs2/share/higgs2/hook/cmake_prefix_path.sh'
[1.097s] Level 1:colcon.colcon_core.environment:checking '/home/alvaro/rosej/higgs2/install/higgs2/bin'
[1.098s] Level 1:colcon.colcon_core.environment:checking '/home/alvaro/rosej/higgs2/install/higgs2/lib/pkgconfig/higgs2.pc'
[1.098s] Level 1:colcon.colcon_core.environment:checking '/home/alvaro/rosej/higgs2/install/higgs2/lib/python3.10/site-packages'
[1.098s] Level 1:colcon.colcon_core.environment:checking '/home/alvaro/rosej/higgs2/install/higgs2/bin'
[1.100s] INFO:colcon.colcon_core.shell:Creating package script '/home/alvaro/rosej/higgs2/install/higgs2/share/higgs2/package.ps1'
[1.103s] INFO:colcon.colcon_core.shell:Creating package descriptor '/home/alvaro/rosej/higgs2/install/higgs2/share/higgs2/package.dsv'
[1.104s] INFO:colcon.colcon_core.shell:Creating package script '/home/alvaro/rosej/higgs2/install/higgs2/share/higgs2/package.sh'
[1.106s] INFO:colcon.colcon_core.shell:Creating package script '/home/alvaro/rosej/higgs2/install/higgs2/share/higgs2/package.bash'
[1.107s] INFO:colcon.colcon_core.shell:Creating package script '/home/alvaro/rosej/higgs2/install/higgs2/share/higgs2/package.zsh'
[1.109s] Level 1:colcon.colcon_core.environment:create_file_with_runtime_dependencies(/home/alvaro/rosej/higgs2/install/higgs2/share/colcon-core/packages/higgs2)
[1.145s] Level 1:colcon.colcon_core.environment:create_environment_scripts_only(higgs2)
[1.149s] Level 1:colcon.colcon_core.environment:checking '/home/alvaro/rosej/higgs2/install/higgs2' for CMake module files
[1.150s] Level 1:colcon.colcon_core.environment:checking '/home/alvaro/rosej/higgs2/install/higgs2' for CMake config files
[1.151s] Level 1:colcon.colcon_core.shell:create_environment_hook('higgs2', 'cmake_prefix_path')
[1.154s] INFO:colcon.colcon_core.shell:Creating environment hook '/home/alvaro/rosej/higgs2/install/higgs2/share/higgs2/hook/cmake_prefix_path.ps1'
[1.155s] INFO:colcon.colcon_core.shell:Creating environment descriptor '/home/alvaro/rosej/higgs2/install/higgs2/share/higgs2/hook/cmake_prefix_path.dsv'
[1.156s] INFO:colcon.colcon_core.shell:Creating environment hook '/home/alvaro/rosej/higgs2/install/higgs2/share/higgs2/hook/cmake_prefix_path.sh'
[1.157s] Level 1:colcon.colcon_core.environment:checking '/home/alvaro/rosej/higgs2/install/higgs2/bin'
[1.157s] Level 1:colcon.colcon_core.environment:checking '/home/alvaro/rosej/higgs2/install/higgs2/lib/pkgconfig/higgs2.pc'
[1.158s] Level 1:colcon.colcon_core.environment:checking '/home/alvaro/rosej/higgs2/install/higgs2/lib/python3.10/site-packages'
[1.158s] Level 1:colcon.colcon_core.environment:checking '/home/alvaro/rosej/higgs2/install/higgs2/bin'
[1.161s] INFO:colcon.colcon_core.shell:Creating package script '/home/alvaro/rosej/higgs2/install/higgs2/share/higgs2/package.ps1'
[1.162s] INFO:colcon.colcon_core.shell:Creating package descriptor '/home/alvaro/rosej/higgs2/install/higgs2/share/higgs2/package.dsv'
[1.163s] INFO:colcon.colcon_core.shell:Creating package script '/home/alvaro/rosej/higgs2/install/higgs2/share/higgs2/package.sh'
[1.164s] INFO:colcon.colcon_core.shell:Creating package script '/home/alvaro/rosej/higgs2/install/higgs2/share/higgs2/package.bash'
[1.165s] INFO:colcon.colcon_core.shell:Creating package script '/home/alvaro/rosej/higgs2/install/higgs2/share/higgs2/package.zsh'
[1.165s] Level 1:colcon.colcon_core.environment:create_file_with_runtime_dependencies(/home/alvaro/rosej/higgs2/install/higgs2/share/colcon-core/packages/higgs2)
[1.166s] DEBUG:colcon.colcon_parallel_executor.executor.parallel:closing loop
[1.167s] DEBUG:colcon.colcon_parallel_executor.executor.parallel:loop closed
[1.167s] DEBUG:colcon.colcon_parallel_executor.executor.parallel:run_until_complete finished with '0'
[1.168s] DEBUG:colcon.colcon_core.event_reactor:joining thread
[1.179s] INFO:colcon.colcon_core.plugin_system:Skipping extension 'colcon_notification.desktop_notification.terminal_notifier': Not used on non-Darwin systems
[1.180s] INFO:colcon.colcon_core.plugin_system:Skipping extension 'colcon_notification.desktop_notification.win32': Not used on non-Windows systems
[1.180s] INFO:colcon.colcon_notification.desktop_notification:Sending desktop notification using 'notify2'
[1.196s] DEBUG:colcon.colcon_core.event_reactor:joined thread
[1.199s] INFO:colcon.colcon_core.shell:Creating prefix script '/home/alvaro/rosej/higgs2/install/local_setup.ps1'
[1.202s] INFO:colcon.colcon_core.shell:Creating prefix util module '/home/alvaro/rosej/higgs2/install/_local_setup_util_ps1.py'
[1.205s] INFO:colcon.colcon_core.shell:Creating prefix chain script '/home/alvaro/rosej/higgs2/install/setup.ps1'
[1.209s] INFO:colcon.colcon_core.shell:Creating prefix script '/home/alvaro/rosej/higgs2/install/local_setup.sh'
[1.210s] INFO:colcon.colcon_core.shell:Creating prefix util module '/home/alvaro/rosej/higgs2/install/_local_setup_util_sh.py'
[1.211s] INFO:colcon.colcon_core.shell:Creating prefix chain script '/home/alvaro/rosej/higgs2/install/setup.sh'
[1.216s] INFO:colcon.colcon_core.shell:Creating prefix script '/home/alvaro/rosej/higgs2/install/local_setup.bash'
[1.217s] INFO:colcon.colcon_core.shell:Creating prefix chain script '/home/alvaro/rosej/higgs2/install/setup.bash'
[1.221s] INFO:colcon.colcon_core.shell:Creating prefix script '/home/alvaro/rosej/higgs2/install/local_setup.zsh'
[1.223s] INFO:colcon.colcon_core.shell:Creating prefix chain script '/home/alvaro/rosej/higgs2/install/setup.zsh'
