[0.014s] Invoking command in '/home/alvaro/rosej/higgs2/build/higgs2': CMAKE_PREFIX_PATH=${CMAKE_PREFIX_PATH}:/opt/ros/humble /usr/bin/cmake --build /home/alvaro/rosej/higgs2/build/higgs2 -- -j12 -l12
[0.047s] -- Found ament_cmake: 1.3.3 (/opt/ros/humble/share/ament_cmake/cmake)
[0.254s] -- Found ament_lint_auto: 0.12.5 (/opt/ros/humble/share/ament_lint_auto/cmake)
[0.355s] -- Added test 'copyright' to check source files copyright and LICENSE
[0.372s] -- Added test 'cppcheck' to perform static code analysis on C / C++ code
[0.372s] -- Configured cppcheck include dirs: 
[0.373s] -- Configured cppcheck exclude dirs and/or files: 
[0.389s] -- Added test 'cpplint' to check C / C++ code against the Google style
[0.389s] -- Configured cpplint exclude dirs and/or files: 
[0.392s] -- Added test 'flake8' to check Python code syntax and style conventions
[0.397s] -- Added test 'lint_cmake' to check CMake code style
[0.400s] -- Added test 'pep257' to check Python code against some of the docstring style conventions in PEP 257
[0.415s] -- Added test 'uncrustify' to check C / C++ code style
[0.416s] -- Configured uncrustify additional arguments: 
[0.417s] -- Added test 'xmllint' to check XML markup files
[0.417s] -- Configuring done
[0.420s] -- Generating done
[0.421s] -- Build files have been written to: /home/alvaro/rosej/higgs2/build/higgs2
[0.438s] Invoked command in '/home/alvaro/rosej/higgs2/build/higgs2' returned '0': CMAKE_PREFIX_PATH=${CMAKE_PREFIX_PATH}:/opt/ros/humble /usr/bin/cmake --build /home/alvaro/rosej/higgs2/build/higgs2 -- -j12 -l12
[0.485s] Invoking command in '/home/alvaro/rosej/higgs2/build/higgs2': CMAKE_PREFIX_PATH=${CMAKE_PREFIX_PATH}:/opt/ros/humble /usr/bin/cmake --install /home/alvaro/rosej/higgs2/build/higgs2
[0.496s] -- Install configuration: ""
[0.497s] [31mCMake Error at cmake_install.cmake:46 (file):
[0.497s]   file INSTALL cannot find "/home/alvaro/rosej/higgs2/config": No such file
[0.497s]   or directory.
[0.497s] 
[0.497s] [0m
[0.499s] Invoked command in '/home/alvaro/rosej/higgs2/build/higgs2' returned '1': CMAKE_PREFIX_PATH=${CMAKE_PREFIX_PATH}:/opt/ros/humble /usr/bin/cmake --install /home/alvaro/rosej/higgs2/build/higgs2
