[0.021s] Invoking command in '/home/alvaro/rosej/higgs2/build/higgs2': CMAKE_PREFIX_PATH=${CMAKE_PREFIX_PATH}:/opt/ros/humble /usr/bin/cmake --build /home/alvaro/rosej/higgs2/build/higgs2 -- -j12 -l12
[0.072s] Invoked command in '/home/alvaro/rosej/higgs2/build/higgs2' returned '0': CMAKE_PREFIX_PATH=${CMAKE_PREFIX_PATH}:/opt/ros/humble /usr/bin/cmake --build /home/alvaro/rosej/higgs2/build/higgs2 -- -j12 -l12
[0.126s] Invoking command in '/home/alvaro/rosej/higgs2/build/higgs2': CMAKE_PREFIX_PATH=${CMAKE_PREFIX_PATH}:/opt/ros/humble /usr/bin/cmake --install /home/alvaro/rosej/higgs2/build/higgs2
[0.139s] -- Install configuration: ""
[0.139s] -- Up-to-date: /home/alvaro/rosej/higgs2/install/higgs2/share/higgs2/config
[0.140s] -- Up-to-date: /home/alvaro/rosej/higgs2/install/higgs2/share/higgs2/config/view_bot.rviz
[0.140s] -- Up-to-date: /home/alvaro/rosej/higgs2/install/higgs2/share/higgs2/config/drive_bot.rviz
[0.140s] -- Up-to-date: /home/alvaro/rosej/higgs2/install/higgs2/share/higgs2/config/gazebo_params.yaml
[0.140s] -- Up-to-date: /home/alvaro/rosej/higgs2/install/higgs2/share/higgs2/src
[0.141s] -- Up-to-date: /home/alvaro/rosej/higgs2/install/higgs2/share/higgs2/src/description
[0.141s] -- Up-to-date: /home/alvaro/rosej/higgs2/install/higgs2/share/higgs2/src/description/gazebo_control.xacro
[0.141s] -- Up-to-date: /home/alvaro/rosej/higgs2/install/higgs2/share/higgs2/src/description/lidar.xacro
[0.141s] -- Up-to-date: /home/alvaro/rosej/higgs2/install/higgs2/share/higgs2/src/description/inertial_macros.xacro
[0.141s] -- Up-to-date: /home/alvaro/rosej/higgs2/install/higgs2/share/higgs2/src/description/robot.urdf.xacro
[0.142s] -- Installing: /home/alvaro/rosej/higgs2/install/higgs2/share/higgs2/src/description/robot_core.xacro
[0.142s] -- Up-to-date: /home/alvaro/rosej/higgs2/install/higgs2/share/higgs2/src/meshes
[0.142s] -- Up-to-date: /home/alvaro/rosej/higgs2/install/higgs2/share/higgs2/src/meshes/rueda.stl
[0.142s] -- Up-to-date: /home/alvaro/rosej/higgs2/install/higgs2/share/higgs2/src/meshes/eje.stl
[0.143s] -- Up-to-date: /home/alvaro/rosej/higgs2/install/higgs2/share/higgs2/src/meshes/chasis.stl
[0.143s] -- Up-to-date: /home/alvaro/rosej/higgs2/install/higgs2/share/higgs2/src/meshes/hokuyo.dae
[0.143s] -- Up-to-date: /home/alvaro/rosej/higgs2/install/higgs2/share/higgs2/src/meshes/sonar_delantero.stl
[0.143s] -- Up-to-date: /home/alvaro/rosej/higgs2/install/higgs2/share/higgs2/src/meshes/cubierta.stl
[0.143s] -- Up-to-date: /home/alvaro/rosej/higgs2/install/higgs2/share/higgs2/src/meshes/sonar_trasero.stl
[0.144s] -- Up-to-date: /home/alvaro/rosej/higgs2/install/higgs2/share/higgs2/launch
[0.144s] -- Up-to-date: /home/alvaro/rosej/higgs2/install/higgs2/share/higgs2/launch/rsp.launch.py
[0.144s] -- Up-to-date: /home/alvaro/rosej/higgs2/install/higgs2/share/higgs2/worlds
[0.145s] -- Up-to-date: /home/alvaro/rosej/higgs2/install/higgs2/share/higgs2/worlds/prueba.world
[0.145s] -- Up-to-date: /home/alvaro/rosej/higgs2/install/higgs2/share/higgs2/worlds/scenario1.world
[0.145s] -- Up-to-date: /home/alvaro/rosej/higgs2/install/higgs2/share/ament_index/resource_index/package_run_dependencies/higgs2
[0.145s] -- Up-to-date: /home/alvaro/rosej/higgs2/install/higgs2/share/ament_index/resource_index/parent_prefix_path/higgs2
[0.146s] -- Up-to-date: /home/alvaro/rosej/higgs2/install/higgs2/share/higgs2/environment/ament_prefix_path.sh
[0.146s] -- Up-to-date: /home/alvaro/rosej/higgs2/install/higgs2/share/higgs2/environment/ament_prefix_path.dsv
[0.146s] -- Up-to-date: /home/alvaro/rosej/higgs2/install/higgs2/share/higgs2/environment/path.sh
[0.146s] -- Up-to-date: /home/alvaro/rosej/higgs2/install/higgs2/share/higgs2/environment/path.dsv
[0.146s] -- Up-to-date: /home/alvaro/rosej/higgs2/install/higgs2/share/higgs2/local_setup.bash
[0.147s] -- Up-to-date: /home/alvaro/rosej/higgs2/install/higgs2/share/higgs2/local_setup.sh
[0.147s] -- Up-to-date: /home/alvaro/rosej/higgs2/install/higgs2/share/higgs2/local_setup.zsh
[0.148s] -- Up-to-date: /home/alvaro/rosej/higgs2/install/higgs2/share/higgs2/local_setup.dsv
[0.148s] -- Installing: /home/alvaro/rosej/higgs2/install/higgs2/share/higgs2/package.dsv
[0.148s] -- Up-to-date: /home/alvaro/rosej/higgs2/install/higgs2/share/ament_index/resource_index/packages/higgs2
[0.148s] -- Up-to-date: /home/alvaro/rosej/higgs2/install/higgs2/share/higgs2/cmake/higgs2Config.cmake
[0.149s] -- Up-to-date: /home/alvaro/rosej/higgs2/install/higgs2/share/higgs2/cmake/higgs2Config-version.cmake
[0.149s] -- Up-to-date: /home/alvaro/rosej/higgs2/install/higgs2/share/higgs2/package.xml
[0.151s] Invoked command in '/home/alvaro/rosej/higgs2/build/higgs2' returned '0': CMAKE_PREFIX_PATH=${CMAKE_PREFIX_PATH}:/opt/ros/humble /usr/bin/cmake --install /home/alvaro/rosej/higgs2/build/higgs2
