[0.021s] Invoking command in '/home/alvaro/rosej/higgs2/build/higgs2': CMAKE_PREFIX_PATH=${CMAKE_PREFIX_PATH}:/opt/ros/humble /usr/bin/cmake --build /home/alvaro/rosej/higgs2/build/higgs2 -- -j12 -l12
[0.061s] Invoked command in '/home/alvaro/rosej/higgs2/build/higgs2' returned '0': CMAKE_PREFIX_PATH=${CMAKE_PREFIX_PATH}:/opt/ros/humble /usr/bin/cmake --build /home/alvaro/rosej/higgs2/build/higgs2 -- -j12 -l12
[0.099s] Invoking command in '/home/alvaro/rosej/higgs2/build/higgs2': CMAKE_PREFIX_PATH=${CMAKE_PREFIX_PATH}:/opt/ros/humble /usr/bin/cmake --install /home/alvaro/rosej/higgs2/build/higgs2
[0.104s] -- Install configuration: ""
[0.104s] -- Execute custom install script
[0.105s] -- Up-to-date symlink: /home/alvaro/rosej/higgs2/install/higgs2/share/higgs2/config/gazebo_params.yaml
[0.105s] -- Up-to-date symlink: /home/alvaro/rosej/higgs2/install/higgs2/share/higgs2/config/view_bot.rviz
[0.105s] -- Up-to-date symlink: /home/alvaro/rosej/higgs2/install/higgs2/share/higgs2/src/description/gazebo_control.xacro
[0.105s] -- Up-to-date symlink: /home/alvaro/rosej/higgs2/install/higgs2/share/higgs2/src/description/inertial_macros.xacro
[0.105s] -- Up-to-date symlink: /home/alvaro/rosej/higgs2/install/higgs2/share/higgs2/src/description/lidar.xacro
[0.105s] -- Up-to-date symlink: /home/alvaro/rosej/higgs2/install/higgs2/share/higgs2/src/description/robot.urdf.xacro
[0.105s] -- Up-to-date symlink: /home/alvaro/rosej/higgs2/install/higgs2/share/higgs2/src/description/robot_core.xacro
[0.106s] -- Up-to-date symlink: /home/alvaro/rosej/higgs2/install/higgs2/share/higgs2/src/meshes/chasis.dae
[0.106s] -- Up-to-date symlink: /home/alvaro/rosej/higgs2/install/higgs2/share/higgs2/src/meshes/chasis.stl
[0.106s] -- Up-to-date symlink: /home/alvaro/rosej/higgs2/install/higgs2/share/higgs2/src/meshes/cubierta.dae
[0.106s] -- Up-to-date symlink: /home/alvaro/rosej/higgs2/install/higgs2/share/higgs2/src/meshes/cubierta.stl
[0.106s] -- Up-to-date symlink: /home/alvaro/rosej/higgs2/install/higgs2/share/higgs2/src/meshes/eje.dae
[0.106s] -- Up-to-date symlink: /home/alvaro/rosej/higgs2/install/higgs2/share/higgs2/src/meshes/eje.stl
[0.106s] -- Up-to-date symlink: /home/alvaro/rosej/higgs2/install/higgs2/share/higgs2/src/meshes/hokuyo.dae
[0.106s] -- Up-to-date symlink: /home/alvaro/rosej/higgs2/install/higgs2/share/higgs2/src/meshes/rueda.dae
[0.107s] -- Up-to-date symlink: /home/alvaro/rosej/higgs2/install/higgs2/share/higgs2/src/meshes/rueda.stl
[0.107s] -- Up-to-date symlink: /home/alvaro/rosej/higgs2/install/higgs2/share/higgs2/src/meshes/sonar_delantero.dae
[0.107s] -- Up-to-date symlink: /home/alvaro/rosej/higgs2/install/higgs2/share/higgs2/src/meshes/sonar_delantero.stl
[0.107s] -- Up-to-date symlink: /home/alvaro/rosej/higgs2/install/higgs2/share/higgs2/src/meshes/sonar_trasero.dae
[0.107s] -- Up-to-date symlink: /home/alvaro/rosej/higgs2/install/higgs2/share/higgs2/src/meshes/sonar_trasero.stl
[0.107s] -- Up-to-date symlink: /home/alvaro/rosej/higgs2/install/higgs2/share/higgs2/launch/launch_sim.launch.py
[0.107s] -- Up-to-date symlink: /home/alvaro/rosej/higgs2/install/higgs2/share/higgs2/launch/rplidar.launch.py
[0.107s] -- Up-to-date symlink: /home/alvaro/rosej/higgs2/install/higgs2/share/higgs2/launch/rsp.launch.py
[0.107s] -- Up-to-date symlink: /home/alvaro/rosej/higgs2/install/higgs2/share/higgs2/worlds/prueba.world
[0.108s] -- Up-to-date symlink: /home/alvaro/rosej/higgs2/install/higgs2/share/higgs2/worlds/scenario1.world
[0.108s] -- Up-to-date symlink: /home/alvaro/rosej/higgs2/install/higgs2/share/ament_index/resource_index/package_run_dependencies/higgs2
[0.108s] -- Up-to-date symlink: /home/alvaro/rosej/higgs2/install/higgs2/share/ament_index/resource_index/parent_prefix_path/higgs2
[0.108s] -- Up-to-date symlink: /home/alvaro/rosej/higgs2/install/higgs2/share/higgs2/environment/ament_prefix_path.sh
[0.108s] -- Up-to-date symlink: /home/alvaro/rosej/higgs2/install/higgs2/share/higgs2/environment/ament_prefix_path.dsv
[0.108s] -- Up-to-date symlink: /home/alvaro/rosej/higgs2/install/higgs2/share/higgs2/environment/path.sh
[0.108s] -- Up-to-date symlink: /home/alvaro/rosej/higgs2/install/higgs2/share/higgs2/environment/path.dsv
[0.108s] -- Up-to-date symlink: /home/alvaro/rosej/higgs2/install/higgs2/share/higgs2/local_setup.bash
[0.109s] -- Up-to-date symlink: /home/alvaro/rosej/higgs2/install/higgs2/share/higgs2/local_setup.sh
[0.109s] -- Up-to-date symlink: /home/alvaro/rosej/higgs2/install/higgs2/share/higgs2/local_setup.zsh
[0.109s] -- Up-to-date symlink: /home/alvaro/rosej/higgs2/install/higgs2/share/higgs2/local_setup.dsv
[0.109s] -- Symlinking: /home/alvaro/rosej/higgs2/install/higgs2/share/higgs2/package.dsv
[0.115s] -- Up-to-date symlink: /home/alvaro/rosej/higgs2/install/higgs2/share/ament_index/resource_index/packages/higgs2
[0.115s] -- Up-to-date symlink: /home/alvaro/rosej/higgs2/install/higgs2/share/higgs2/cmake/higgs2Config.cmake
[0.115s] -- Up-to-date symlink: /home/alvaro/rosej/higgs2/install/higgs2/share/higgs2/cmake/higgs2Config-version.cmake
[0.115s] -- Up-to-date symlink: /home/alvaro/rosej/higgs2/install/higgs2/share/higgs2/package.xml
[0.118s] Invoked command in '/home/alvaro/rosej/higgs2/build/higgs2' returned '0': CMAKE_PREFIX_PATH=${CMAKE_PREFIX_PATH}:/opt/ros/humble /usr/bin/cmake --install /home/alvaro/rosej/higgs2/build/higgs2
